2013-04-11 06:40:37.305 UTC INFO [admin1] Initializing Admin for store: kvstore
2013-04-11 06:40:37.306 UTC INFO [admin1] Created new admin environment dir: .\kvroot\kvstore\sn1\admin1\env
2013-04-11 06:40:37.306 UTC INFO [admin1] JVM Runtime maxMemory (bytes): 259522560
2013-04-11 06:40:37.307 UTC INFO [admin1] Non-default JE properties for environment: {je.rep.vlsn.logCacheSize=128, je.rep.envUnknownStateTimeout=10 s, je.tree.maxDelta=10, je.log.faultReadSize=4096, je.rep.vlsn.distance=1000000, je.env.runEvictor=true, je.cleaner.minUtilization=40, je.rep.replicaAckTimeout=5 s, je.cleaner.threads=2, je.evictor.lruOnly=false, je.rep.replayMaxOpenDbHandles=100, je.log.writeQueueSize=2097152, je.evictor.criticalPercentage=105, je.log.iteratorReadSize=1048576, je.log.numBuffers=16, je.nodeMaxEntries=128, je.evictor.nodesPerScan=200, je.rep.preHeartbeatTimeoutMs=5000000000, je.rep.consistencyPolicy=NoConsistencyRequiredPolicy, je.checkpointer.bytesInterval=200000000, je.cleaner.lazyMigration=false, je.txn.durability=write_no_sync,write_no_sync,simple_majority, je.cleaner.readSize=1048576, je.rep.txnRollbackLimit=10, je.log.fileCacheSize=2000, je.log.fileMax=1073741824}
2013-04-11 06:40:37.593 UTC INFO [admin1] JE recovery: POPULATE_UTILIZATION_PROFILE
2013-04-11 06:40:37.617 UTC INFO [admin1] JE recovery: REMOVE_TEMP_DBS
2013-04-11 06:40:37.639 UTC INFO [admin1] JE recovery: CKPT
2013-04-11 06:40:37.710 UTC INFO [admin1] JE recovery: RECOVERY_FINISHED
2013-04-11 06:40:37.742 UTC INFO [admin1] JE: Started ServiceDispatcher. HostPort=AGavrilov-nb2:5005
2013-04-11 06:40:37.811 UTC INFO [admin1] JE: Current group size: 0
2013-04-11 06:40:37.812 UTC INFO [admin1] JE: New node 1(-1) unknown to rep group
2013-04-11 06:40:37.812 UTC INFO [admin1] JE: Master changed to 1
2013-04-11 06:40:37.812 UTC INFO [admin1] JE: Nascent group. 1 is master by virtue of being the first node.
2013-04-11 06:40:37.943 UTC INFO [admin1] JE: Successfully added node:1(1) HostPort = AGavrilov-nb2: 5005 [ELECTABLE]
2013-04-11 06:40:37.945 UTC INFO [admin1] JE: Refreshed 0 monitors.
2013-04-11 06:40:37.949 UTC INFO [admin1] JE recovery: BECOME_CONSISTENT
2013-04-11 06:40:37.949 UTC INFO [admin1] JE: Node 1 started
2013-04-11 06:40:37.950 UTC INFO [admin1] JE: Feeder manager accepting requests.
2013-04-11 06:40:37.952 UTC INFO [admin1] JE: Joining group as master
2013-04-11 06:40:37.952 UTC INFO [admin1] JE: Refreshed 0 monitors.
2013-04-11 06:40:37.954 UTC INFO [admin1] State change event: Thu Apr 11 10:40:37 MSK 2013, State: MASTER, Master: 1
2013-04-11 06:40:37.960 UTC INFO [admin1] Initializing Admin Schema to schema version 3/NoSQL DB 11gR2.2.0.26 2013-01-28 12:19:21 UTC  Build id: 99ef986805a3
2013-04-11 06:40:38.112 UTC INFO [admin1] Shutting down monitor collector
2013-04-11 06:40:38.194 UTC INFO [admin1] Initializing Admin database
2013-04-11 06:40:38.249 UTC INFO [admin1] Admin database initialized
2013-04-11 06:40:38.301 UTC INFO [admin1] Replicated environment handle established. Cache size: 155713536, State: MASTER
2013-04-11 06:40:38.302 UTC INFO [admin1] Configured Admin for store: kvstore
2013-04-11 06:40:39.302 UTC INFO [admin1] Plan 1[Deploy KVLite] approved
2013-04-11 06:40:39.311 UTC INFO [admin1] Plan 1[Deploy KVLite]: started, 1 tasks
2013-04-11 06:40:39.643 UTC INFO [admin1] Plan 1[Deploy KVLite]: task 1 [DeployDatacenter datacenter=KVLite] started
2013-04-11 06:40:39.698 UTC INFO [admin1] Plan 1[Deploy KVLite]: task 1 [DeployDatacenter datacenter=KVLite] ended, state=SUCCEEDED
2013-04-11 06:40:39.743 UTC INFO [admin1] Plan 1[Deploy KVLite]: ended, state=SUCCEEDED
2013-04-11 06:40:39.744 UTC INFO [admin1] awaitPlan of Plan 1[Deploy KVLite] finished, state=SUCCEEDED
2013-04-11 06:40:39.876 UTC INFO [admin1] Plan 2[Deploy Storage Node] approved
2013-04-11 06:40:39.877 UTC INFO [admin1] Plan 2[Deploy Storage Node]: started, 1 tasks
2013-04-11 06:40:39.921 UTC INFO [admin1] Plan 2[Deploy Storage Node]: task 1 [DeploySN sn1(AGavrilov-nb2:5000)] started
2013-04-11 06:40:40.276 UTC INFO [admin1] Monitor collector: adding sn1 to monitoring
2013-04-11 06:40:40.285 UTC INFO [admin1] [sn1] Service status: RUNNING 2013-04-11 06:40:40 UTC
2013-04-11 06:40:40.486 UTC INFO [admin1] Plan 2[Deploy Storage Node]: task 1 [DeploySN sn1(AGavrilov-nb2:5000)] ended, state=SUCCEEDED
2013-04-11 06:40:40.614 UTC INFO [admin1] Plan 2[Deploy Storage Node]: ended, state=SUCCEEDED
2013-04-11 06:40:40.615 UTC INFO [admin1] awaitPlan of Plan 2[Deploy Storage Node] finished, state=SUCCEEDED
2013-04-11 06:40:40.721 UTC INFO [admin1] Plan 3[Deploy Admin Service] approved
2013-04-11 06:40:40.722 UTC INFO [admin1] Plan 3[Deploy Admin Service]: started, 1 tasks
2013-04-11 06:40:40.787 UTC INFO [admin1] Plan 3[Deploy Admin Service]: task 1 [DeployAdmin AdminId[admin1] on SNId[sn1]] started
2013-04-11 06:40:41.036 UTC INFO [admin1] newParameters called for Monitor
2013-04-11 06:40:41.094 UTC INFO [admin1] Plan 3[Deploy Admin Service]: task 1 [DeployAdmin AdminId[admin1] on SNId[sn1]] ended, state=SUCCEEDED
2013-04-11 06:40:41.130 UTC INFO [admin1] Plan 3[Deploy Admin Service]: ended, state=SUCCEEDED
2013-04-11 06:40:41.130 UTC INFO [admin1] awaitPlan of Plan 3[Deploy Admin Service] finished, state=SUCCEEDED
2013-04-11 06:40:41.131 UTC INFO [admin1] Created Storage Node Pool: KVLitePool
2013-04-11 06:40:41.177 UTC INFO [admin1] Added Storage Node sn1 to pool: KVLitePool
2013-04-11 06:40:41.443 UTC INFO [admin1] Plan 4[Deploy KVStore] approved
2013-04-11 06:40:41.445 UTC INFO [admin1] Plan 4[Deploy KVStore] deploying topology candidate KVLite.
2013-04-11 06:40:41.447 UTC INFO [admin1] Current topology: store=kvstore  numPartitions=0 sequence=2
  dc=[dc1] name=KVLite repFactor=1

  sn=[sn1]  dc=dc1 AGavrilov-nb2:5000


2013-04-11 06:40:41.448 UTC INFO [admin1] Preview of changes to be executed by Plan 4[Deploy KVStore]:
Topology transformation from current deployed topology to KVLite:
Create 1 shard 
Create 1 RN 
Create 10 partitions 

shard rg1
  1 new RN : rg1-rn1 
  10 new partitions 

2013-04-11 06:40:41.448 UTC INFO [admin1] Target topology candidate: KVLite
store=kvstore  numPartitions=10 sequence=14
  dc=[dc1] name=KVLite repFactor=1

  sn=[sn1]  dc=dc1 AGavrilov-nb2:5000
    [rg1-rn1]

  shard=[rg1] num partitions=10
    [rg1-rn1] sn=sn1

2013-04-11 06:40:41.449 UTC INFO [admin1] Plan 4[Deploy KVStore]: started, 7 tasks
2013-04-11 06:40:41.487 UTC INFO [admin1] Plan 4[Deploy KVStore]: task 1 [UpdateDatacenter datacenter=dc1] started
2013-04-11 06:40:41.521 UTC INFO [admin1] Plan 4[Deploy KVStore]: task 1 [UpdateDatacenter datacenter=dc1] ended, state=SUCCEEDED
2013-04-11 06:40:41.521 UTC INFO [admin1] Plan 4[Deploy KVStore]: task 2 [DeployShard on [sn1]  dc=dc1 AGavrilov-nb2:5000 ] started
2013-04-11 06:40:41.587 UTC INFO [admin1] Plan 4[Deploy KVStore]: task 2 [DeployShard rg1 on [sn1]  dc=dc1 AGavrilov-nb2:5000 ] ended, state=SUCCEEDED
2013-04-11 06:40:41.588 UTC INFO [admin1] Plan 4[Deploy KVStore]: task 3 [DeployNewRN on sn1(AGavrilov-nb2:5000)] started
2013-04-11 06:40:41.593 UTC INFO [admin1] Creating rg1-rn1 on sn1 haPort=AGavrilov-nb2:5 006 helpers=AGavrilov-nb2:5006 mountpoint=null heapMB=unspecified cacheSize=unspecified -XX:ParallelGCThreads=8
2013-04-11 06:40:42.989 UTC INFO [admin1] Monitor collector: adding rg1-rn1 to monitoring
2013-04-11 06:40:43.001 UTC INFO [admin1] [rg1-rn1] Service status: RUNNING 2013-04-11 06:40:42 UTC
2013-04-11 06:40:43.021 UTC INFO [admin1] Plan 4[Deploy KVStore]: task 3 [DeployNewRN rg1-rn1 on sn1(AGavrilov-nb2:5000)] ended, state=SUCCEEDED
2013-04-11 06:40:43.021 UTC INFO [admin1] Plan 4[Deploy KVStore]: task 4 [UpdateNthRNHelperHost] started
2013-04-11 06:40:43.054 UTC INFO [admin1] Plan 4[Deploy KVStore]: task 4 [UpdateNthRNHelperHost] ended, state=SUCCEEDED
2013-04-11 06:40:43.055 UTC INFO [admin1] Plan 4[Deploy KVStore]: task 5 [NewNthRNParameters] started
2013-04-11 06:40:43.098 UTC INFO [admin1] Plan 4[Deploy KVStore]: task 5 [NewNthRNParameters] ended, state=SUCCEEDED
2013-04-11 06:40:43.099 UTC INFO [admin1] Plan 4[Deploy KVStore]: task 6 [BroadcastTopo] started
2013-04-11 06:40:43.099 UTC INFO [admin1] Broadcasting topology seq# 4, changes for BroadcastTopo
2013-04-11 06:40:43.143 UTC INFO [admin1] Plan 4[Deploy KVStore]: task 6 [BroadcastTopo] ended, state=SUCCEEDED
2013-04-11 06:40:43.143 UTC INFO [admin1] Plan 4[Deploy KVStore]: task 7 [AddPartitions totalPartitions = 10] started
2013-04-11 06:40:43.176 UTC INFO [admin1] Broadcasting topology seq# 14, changes for Initializing new partitions
2013-04-11 06:40:43.287 UTC INFO [admin1] Plan 4[Deploy KVStore]: task 7 [AddPartitions totalPartitions = 10] ended, state=SUCCEEDED
2013-04-11 06:40:43.336 UTC INFO [admin1] Plan 4[Deploy KVStore]: ended, state=SUCCEEDED
2013-04-11 06:40:43.336 UTC INFO [admin1] awaitPlan of Plan 4[Deploy KVStore] finished, state=SUCCEEDED
2013-04-11 06:41:36.819 UTC INFO [admin1] Starting AdminService
2013-04-11 06:41:36.849 UTC INFO [admin1] Initializing Admin for store: kvstore
2013-04-11 06:41:36.850 UTC INFO [admin1] JVM Runtime maxMemory (bytes): 259522560
2013-04-11 06:41:36.850 UTC INFO [admin1] Non-default JE properties for environment: {je.rep.vlsn.logCacheSize=128, je.rep.envUnknownStateTimeout=10 s, je.tree.maxDelta=10, je.log.faultReadSize=4096, je.rep.vlsn.distance=1000000, je.env.runEvictor=true, je.cleaner.minUtilization=40, je.rep.replicaAckTimeout=5 s, je.cleaner.threads=2, je.evictor.lruOnly=false, je.rep.replayMaxOpenDbHandles=100, je.log.writeQueueSize=2097152, je.evictor.criticalPercentage=105, je.log.iteratorReadSize=1048576, je.log.numBuffers=16, je.nodeMaxEntries=128, je.evictor.nodesPerScan=200, je.rep.preHeartbeatTimeoutMs=5000000000, je.rep.consistencyPolicy=NoConsistencyRequiredPolicy, je.checkpointer.bytesInterval=200000000, je.cleaner.lazyMigration=false, je.txn.durability=write_no_sync,write_no_sync,simple_majority, je.cleaner.readSize=1048576, je.rep.txnRollbackLimit=10, je.log.fileCacheSize=2000, je.log.fileMax=1073741824}
2013-04-11 06:41:37.078 UTC INFO [admin1] JE recovery: FIND_END_OF_LOG
2013-04-11 06:41:37.112 UTC INFO [admin1] JE recovery: FIND_LAST_CKPT
2013-04-11 06:41:37.117 UTC INFO [admin1] JE recovery: READ_DBMAP_INFO
2013-04-11 06:41:37.157 UTC INFO [admin1] JE recovery: UNDO_DBMAP_RECORDS
2013-04-11 06:41:37.160 UTC INFO [admin1] JE recovery: REDO_DBMAP_RECORDS
2013-04-11 06:41:37.163 UTC INFO [admin1] JE recovery: READ_DATA_INFO
2013-04-11 06:41:37.175 UTC INFO [admin1] JE recovery: UNDO_DATA_RECORDS
2013-04-11 06:41:37.178 UTC INFO [admin1] JE recovery: REDO_DATA_RECORDS
2013-04-11 06:41:37.192 UTC INFO [admin1] JE recovery: POPULATE_UTILIZATION_PROFILE
2013-04-11 06:41:37.194 UTC INFO [admin1] JE recovery: REMOVE_TEMP_DBS
2013-04-11 06:41:37.283 UTC INFO [admin1] JE recovery: CKPT
2013-04-11 06:41:37.392 UTC INFO [admin1] JE recovery: RECOVERY_FINISHED
2013-04-11 06:41:37.418 UTC INFO [admin1] JE: Started ServiceDispatcher. HostPort=AGavrilov-nb2:5005
2013-04-11 06:41:37.418 UTC INFO [admin1] JE: Started ServiceDispatcher. HostPort=AGavrilov-nb2:5005
2013-04-11 06:41:37.463 UTC INFO [admin1] JE: Current group size: 1
2013-04-11 06:41:37.463 UTC INFO [admin1] JE: Current group size: 1
2013-04-11 06:41:37.464 UTC INFO [admin1] JE: Existing node 1 querying for a current master.
2013-04-11 06:41:37.464 UTC INFO [admin1] JE: Existing node 1 querying for a current master.
2013-04-11 06:41:37.486 UTC INFO [admin1] JE recovery: BECOME_CONSISTENT
2013-04-11 06:41:37.486 UTC INFO [admin1] JE: Node 1 started
2013-04-11 06:41:37.487 UTC INFO [admin1] JE: Node 1 started
2013-04-11 06:41:37.487 UTC INFO [admin1] JE: Election initiated; election #1
2013-04-11 06:41:37.487 UTC INFO [admin1] JE: Election initiated; election #1
2013-04-11 06:41:37.489 UTC INFO [admin1] JE: Started election thread Thu Apr 11 10:41:37 MSK 2013
2013-04-11 06:41:37.489 UTC INFO [admin1] JE: Started election thread Thu Apr 11 10:41:37 MSK 2013
2013-04-11 06:41:39.587 UTC INFO [admin1] JE: Winning proposal: Proposal(0000013df7d402a2:000000000000000000000000ac1100b0:00000002) Value: Value:172.17.0.176$$$5005$$$1$$$1
2013-04-11 06:41:39.587 UTC INFO [admin1] JE: Winning proposal: Proposal(0000013df7d402a2:000000000000000000000000ac1100b0:00000002) Value: Value:172.17.0.176$$$5005$$$1$$$1
2013-04-11 06:41:39.590 UTC INFO [admin1] JE: Master changed to 1
2013-04-11 06:41:39.590 UTC INFO [admin1] JE: Master changed to 1
2013-04-11 06:41:39.590 UTC INFO [admin1] JE: Election finished. Elapsed time: 2103ms
2013-04-11 06:41:39.590 UTC INFO [admin1] JE: Election finished. Elapsed time: 2103ms
2013-04-11 06:41:39.590 UTC INFO [admin1] JE: Election thread exited. Group master: 1(1)
2013-04-11 06:41:39.590 UTC INFO [admin1] JE: Election thread exited. Group master: 1(1)
2013-04-11 06:41:39.591 UTC INFO [admin1] JE: Feeder manager accepting requests.
2013-04-11 06:41:39.591 UTC INFO [admin1] JE: Feeder manager accepting requests.
2013-04-11 06:41:39.592 UTC INFO [admin1] JE: Joining group as master
2013-04-11 06:41:39.592 UTC INFO [admin1] JE: Joining group as master
2013-04-11 06:41:39.593 UTC INFO [admin1] JE: Refreshed 0 monitors.
2013-04-11 06:41:39.593 UTC INFO [admin1] JE: Refreshed 0 monitors.
2013-04-11 06:41:39.595 UTC INFO [admin1] State change event: Thu Apr 11 10:41:39 MSK 2013, State: MASTER, Master: 1
2013-04-11 06:41:39.732 UTC INFO [admin1] Shutting down monitor collector
2013-04-11 06:41:39.747 UTC INFO [admin1] Using existing Admin database
2013-04-11 06:41:39.751 UTC INFO [admin1] Monitor collector: adding sn1 to monitoring
2013-04-11 06:41:39.752 UTC INFO [admin1] Monitor collector: adding rg1-rn1 to monitoring
2013-04-11 06:41:39.773 UTC INFO [admin1] Replicated environment handle established. Cache size: 155713536, State: MASTER
2013-04-11 06:41:39.773 UTC INFO [admin1] Starting Command service on rmi://AGavrilov-nb2:5000/commandService
2013-04-11 06:41:39.775 UTC INFO [admin1] [sn1] Service status: RUNNING 2013-04-11 06:41:36 UTC
2013-04-11 06:41:39.780 UTC INFO [admin1] [rg1-rn1] Service status: STARTING 2013-04-11 06:41:39 UTC
2013-04-11 06:41:39.805 UTC INFO [admin1] Starting Web service on port 5001
2013-04-11 06:41:39.847 UTC INFO [admin1] jetty-7.4.0.v20110414
2013-04-11 06:41:40.485 UTC INFO [admin1] Extract jar:file:/C:/Users/AGavrilov.ESPHERE/Documents/GitHub/NetBeansProjects/OracleNoSQLConverter/NoSQL_Storage/kv-ee-2.0.26/kv-2.0.26/lib/kvstore.jar!/war/KVAdminUI/ to C:\Users\AGavrilov.ESPHERE\AppData\Local\Temp\jetty-0.0.0.0-5001-KVAdminUI-_-any-\webapp
2013-04-11 06:41:41.331 UTC INFO [admin1] NO JSP Support for /, did not find org.apache.jasper.servlet.JspServlet
2013-04-11 06:41:41.350 UTC INFO [admin1] started o.e.j.w.WebAppContext{/,file:/C:/Users/AGavrilov.ESPHERE/AppData/Local/Temp/jetty-0.0.0.0-5001-KVAdminUI-_-any-/webapp/},jar:file:/C:/Users/AGavrilov.ESPHERE/Documents/GitHub/NetBeansProjects/OracleNoSQLConverter/NoSQL_Storage/kv-ee-2.0.26/kv-2.0.26/lib/kvstore.jar!/war/KVAdminUI
2013-04-11 06:41:41.374 UTC INFO [admin1] Started SelectChannelConnector@0.0.0.0:5001 STARTING
2013-04-11 06:41:41.374 UTC INFO [admin1] Started AdminService
