2013-04-10 13:15:27.872 UTC INFO [admin1] Initializing Admin for store: kvstore
2013-04-10 13:15:27.873 UTC INFO [admin1] Created new admin environment dir: .\kvroot\kvstore\sn1\admin1\env
2013-04-10 13:15:27.873 UTC INFO [admin1] JVM Runtime maxMemory (bytes): 259522560
2013-04-10 13:15:27.874 UTC INFO [admin1] Non-default JE properties for environment: {je.rep.vlsn.logCacheSize=128, je.rep.envUnknownStateTimeout=10 s, je.tree.maxDelta=10, je.log.faultReadSize=4096, je.rep.vlsn.distance=1000000, je.env.runEvictor=true, je.cleaner.minUtilization=40, je.rep.replicaAckTimeout=5 s, je.cleaner.threads=2, je.evictor.lruOnly=false, je.rep.replayMaxOpenDbHandles=100, je.log.writeQueueSize=2097152, je.evictor.criticalPercentage=105, je.log.iteratorReadSize=1048576, je.log.numBuffers=16, je.nodeMaxEntries=128, je.evictor.nodesPerScan=200, je.rep.preHeartbeatTimeoutMs=5000000000, je.rep.consistencyPolicy=NoConsistencyRequiredPolicy, je.checkpointer.bytesInterval=200000000, je.cleaner.lazyMigration=false, je.txn.durability=write_no_sync,write_no_sync,simple_majority, je.cleaner.readSize=1048576, je.rep.txnRollbackLimit=10, je.log.fileCacheSize=2000, je.log.fileMax=1073741824}
2013-04-10 13:15:28.238 UTC INFO [admin1] JE recovery: POPULATE_UTILIZATION_PROFILE
2013-04-10 13:15:28.270 UTC INFO [admin1] JE recovery: REMOVE_TEMP_DBS
2013-04-10 13:15:28.293 UTC INFO [admin1] JE recovery: CKPT
2013-04-10 13:15:28.432 UTC INFO [admin1] JE recovery: RECOVERY_FINISHED
2013-04-10 13:15:28.537 UTC INFO [admin1] JE: Started ServiceDispatcher. HostPort=AGavrilov-nb2:5005
2013-04-10 13:15:28.592 UTC INFO [admin1] JE: Current group size: 0
2013-04-10 13:15:28.592 UTC INFO [admin1] JE: New node 1(-1) unknown to rep group
2013-04-10 13:15:28.592 UTC INFO [admin1] JE: Master changed to 1
2013-04-10 13:15:28.593 UTC INFO [admin1] JE: Nascent group. 1 is master by virtue of being the first node.
2013-04-10 13:15:28.677 UTC INFO [admin1] JE: Successfully added node:1(1) HostPort = AGavrilov-nb2: 5005 [ELECTABLE]
2013-04-10 13:15:28.683 UTC INFO [admin1] JE: Refreshed 0 monitors.
2013-04-10 13:15:28.693 UTC INFO [admin1] JE recovery: BECOME_CONSISTENT
2013-04-10 13:15:28.707 UTC INFO [admin1] JE: Node 1 started
2013-04-10 13:15:28.709 UTC INFO [admin1] JE: Feeder manager accepting requests.
2013-04-10 13:15:28.711 UTC INFO [admin1] JE: Joining group as master
2013-04-10 13:15:28.712 UTC INFO [admin1] JE: Refreshed 0 monitors.
2013-04-10 13:15:28.715 UTC INFO [admin1] State change event: Wed Apr 10 17:15:28 MSK 2013, State: MASTER, Master: 1
2013-04-10 13:15:28.725 UTC INFO [admin1] Initializing Admin Schema to schema version 3/NoSQL DB 11gR2.2.0.26 2013-01-28 12:19:21 UTC  Build id: 99ef986805a3
2013-04-10 13:15:28.818 UTC FINE Closing StorewideLoggingView
2013-04-10 13:15:28.877 UTC INFO [admin1] Initializing Admin database
2013-04-10 13:15:28.962 UTC INFO [admin1] Admin database initialized
2013-04-10 13:15:29.402 UTC INFO [admin1] Replicated environment handle established. Cache size: 155713536, State: MASTER
2013-04-10 13:15:29.402 UTC INFO [admin1] Configured Admin for store: kvstore
2013-04-10 13:15:29.817 UTC INFO [admin1] PlanStateChange [id=1 name=Deploy KVLite state=APPROVED at 2013-04-10 13:15:29 UTC numAttempts=0 : approval requested]
2013-04-10 13:15:30.104 UTC INFO [admin1] Plan 1[Deploy KVLite] approved
2013-04-10 13:15:30.113 UTC INFO [admin1] PlanStateChange [id=1 name=Deploy KVLite state=RUNNING at 2013-04-10 13:15:30 UTC numAttempts=1 : Plan is starting]
2013-04-10 13:15:30.113 UTC INFO [admin1] Plan 1[Deploy KVLite]: started, 1 tasks
2013-04-10 13:15:30.287 UTC INFO [admin1] Plan 1[Deploy KVLite]: task 1 [DeployDatacenter datacenter=KVLite] started
2013-04-10 13:15:30.333 UTC INFO [admin1] Plan 1[Deploy KVLite]: task 1 [DeployDatacenter datacenter=KVLite] ended, state=SUCCEEDED
2013-04-10 13:15:30.335 UTC INFO [admin1] PlanStateChange [id=1 name=Deploy KVLite state=SUCCEEDED at 2013-04-10 13:15:30 UTC numAttempts=1 : Plan finished.]
2013-04-10 13:15:30.355 UTC INFO [admin1] Plan 1[Deploy KVLite]: ended, state=SUCCEEDED
2013-04-10 13:15:30.356 UTC INFO [admin1] awaitPlan of Plan 1[Deploy KVLite] finished, state=SUCCEEDED
2013-04-10 13:15:30.445 UTC INFO [admin1] PlanStateChange [id=2 name=Deploy Storage Node state=APPROVED at 2013-04-10 13:15:30 UTC numAttempts=0 : approval requested]
2013-04-10 13:15:30.477 UTC INFO [admin1] Plan 2[Deploy Storage Node] approved
2013-04-10 13:15:30.479 UTC INFO [admin1] PlanStateChange [id=2 name=Deploy Storage Node state=RUNNING at 2013-04-10 13:15:30 UTC numAttempts=1 : Plan is starting]
2013-04-10 13:15:30.479 UTC INFO [admin1] Plan 2[Deploy Storage Node]: started, 1 tasks
2013-04-10 13:15:30.511 UTC INFO [admin1] Plan 2[Deploy Storage Node]: task 1 [DeploySN sn1(AGavrilov-nb2:5000)] started
2013-04-10 13:15:30.866 UTC INFO [admin1] Monitor collector: adding sn1 to monitoring
2013-04-10 13:15:30.807 UTC INFO [sn1] Starting StorageNodeAgent for kvstore
2013-04-10 13:15:30.815 UTC INFO [sn1] Acquiring initial topology from RNs
2013-04-10 13:15:30.818 UTC INFO [sn1] Starting MonitorAgent.  Server socket factory:<ServerSocketFactory name=monitor backlog=0 port range=0,0> Client socket factory:<ClientSocketFactory name=kvstore|sn|monitor id=1354498358 connectMs=10000 readMs=5000>
2013-04-10 13:15:30.826 UTC INFO [sn1] Rebound to registry port 5000 using name sn1
2013-04-10 13:15:30.826 UTC INFO [sn1] Service status changed from STARTING to RUNNING
2013-04-10 13:15:30.883 UTC INFO [admin1] [sn1] Service status: RUNNING 2013-04-10 13:15:30 UTC
2013-04-10 13:15:30.826 UTC INFO [sn1] Started StorageNodeAgent for kvstore Server socket factory: <ServerSocketFactory name=main backlog=0 port range=0,0> Client socket factory: <ClientSocketFactory name=kvstore|sn|main id=-325544893 connectMs=10000 readMs=140000>
2013-04-10 13:15:31.106 UTC INFO [admin1] Plan 2[Deploy Storage Node]: task 1 [DeploySN sn1(AGavrilov-nb2:5000)] ended, state=SUCCEEDED
2013-04-10 13:15:31.107 UTC INFO [admin1] PlanStateChange [id=2 name=Deploy Storage Node state=SUCCEEDED at 2013-04-10 13:15:31 UTC numAttempts=1 : Plan finished.]
2013-04-10 13:15:31.199 UTC INFO [admin1] Plan 2[Deploy Storage Node]: ended, state=SUCCEEDED
2013-04-10 13:15:31.199 UTC INFO [admin1] awaitPlan of Plan 2[Deploy Storage Node] finished, state=SUCCEEDED
2013-04-10 13:15:31.303 UTC INFO [admin1] PlanStateChange [id=3 name=Deploy Admin Service state=APPROVED at 2013-04-10 13:15:31 UTC numAttempts=0 : approval requested]
2013-04-10 13:15:31.333 UTC INFO [admin1] Plan 3[Deploy Admin Service] approved
2013-04-10 13:15:31.333 UTC INFO [admin1] PlanStateChange [id=3 name=Deploy Admin Service state=RUNNING at 2013-04-10 13:15:31 UTC numAttempts=1 : Plan is starting]
2013-04-10 13:15:31.334 UTC INFO [admin1] Plan 3[Deploy Admin Service]: started, 1 tasks
2013-04-10 13:15:31.377 UTC INFO [admin1] Plan 3[Deploy Admin Service]: task 1 [DeployAdmin AdminId[admin1] on SNId[sn1]] started
2013-04-10 13:15:31.615 UTC INFO [admin1] newParameters called for Monitor
2013-04-10 13:15:31.666 UTC INFO [admin1] Plan 3[Deploy Admin Service]: task 1 [DeployAdmin AdminId[admin1] on SNId[sn1]] ended, state=SUCCEEDED
2013-04-10 13:15:31.666 UTC INFO [admin1] PlanStateChange [id=3 name=Deploy Admin Service state=SUCCEEDED at 2013-04-10 13:15:31 UTC numAttempts=1 : Plan finished.]
2013-04-10 13:15:31.688 UTC INFO [admin1] Plan 3[Deploy Admin Service]: ended, state=SUCCEEDED
2013-04-10 13:15:31.689 UTC INFO [admin1] awaitPlan of Plan 3[Deploy Admin Service] finished, state=SUCCEEDED
2013-04-10 13:15:31.690 UTC INFO [admin1] Created Storage Node Pool: KVLitePool
2013-04-10 13:15:31.712 UTC INFO [admin1] Added Storage Node sn1 to pool: KVLitePool
2013-04-10 13:15:31.900 UTC INFO [admin1] PlanStateChange [id=4 name=Deploy KVStore state=APPROVED at 2013-04-10 13:15:31 UTC numAttempts=0 : approval requested]
2013-04-10 13:15:31.933 UTC INFO [admin1] Plan 4[Deploy KVStore] approved
2013-04-10 13:15:31.935 UTC INFO [admin1] Plan 4[Deploy KVStore] deploying topology candidate KVLite.
2013-04-10 13:15:31.937 UTC INFO [admin1] Current topology: store=kvstore  numPartitions=0 sequence=2
  dc=[dc1] name=KVLite repFactor=1

  sn=[sn1]  dc=dc1 AGavrilov-nb2:5000


2013-04-10 13:15:31.938 UTC INFO [admin1] Preview of changes to be executed by Plan 4[Deploy KVStore]:
Topology transformation from current deployed topology to KVLite:
Create 1 shard 
Create 1 RN 
Create 10 partitions 

shard rg1
  1 new RN : rg1-rn1 
  10 new partitions 

2013-04-10 13:15:31.938 UTC INFO [admin1] Target topology candidate: KVLite
store=kvstore  numPartitions=10 sequence=14
  dc=[dc1] name=KVLite repFactor=1

  sn=[sn1]  dc=dc1 AGavrilov-nb2:5000
    [rg1-rn1]

  shard=[rg1] num partitions=10
    [rg1-rn1] sn=sn1

2013-04-10 13:15:31.938 UTC INFO [admin1] PlanStateChange [id=4 name=Deploy KVStore state=RUNNING at 2013-04-10 13:15:31 UTC numAttempts=1 : Plan is starting]
2013-04-10 13:15:31.939 UTC INFO [admin1] Plan 4[Deploy KVStore]: started, 7 tasks
2013-04-10 13:15:31.977 UTC INFO [admin1] Plan 4[Deploy KVStore]: task 1 [UpdateDatacenter datacenter=dc1] started
2013-04-10 13:15:32.010 UTC INFO [admin1] Plan 4[Deploy KVStore]: task 1 [UpdateDatacenter datacenter=dc1] ended, state=SUCCEEDED
2013-04-10 13:15:32.011 UTC INFO [admin1] Plan 4[Deploy KVStore]: task 2 [DeployShard on [sn1]  dc=dc1 AGavrilov-nb2:5000 ] started
2013-04-10 13:15:32.077 UTC INFO [admin1] Plan 4[Deploy KVStore]: task 2 [DeployShard rg1 on [sn1]  dc=dc1 AGavrilov-nb2:5000 ] ended, state=SUCCEEDED
2013-04-10 13:15:32.078 UTC INFO [admin1] Plan 4[Deploy KVStore]: task 3 [DeployNewRN on sn1(AGavrilov-nb2:5000)] started
2013-04-10 13:15:32.080 UTC INFO [admin1] Creating rg1-rn1 on sn1 haPort=AGavrilov-nb2:5 006 helpers=AGavrilov-nb2:5006 mountpoint=null heapMB=unspecified cacheSize=unspecified -XX:ParallelGCThreads=8
2013-04-10 13:15:33.412 UTC INFO [admin1] Monitor collector: adding rg1-rn1 to monitoring
2013-04-10 13:15:32.385 UTC INFO [rg1-rn1] RepNodeStateUpdateThread started
2013-04-10 13:15:32.396 UTC INFO [rg1-rn1] JVM Runtime maxMemory (bytes): 259522560
2013-04-10 13:15:32.397 UTC INFO [rg1-rn1] Non-default JE properties for environment: {je.rep.vlsn.logCacheSize=128, je.rep.envUnknownStateTimeout=10 s, je.tree.maxDelta=10, je.log.faultReadSize=4096, je.rep.vlsn.distance=1000000, je.env.runEvictor=true, je.cleaner.minUtilization=40, je.rep.replicaAckTimeout=5 s, je.cleaner.threads=2, je.evictor.lruOnly=false, je.rep.replayMaxOpenDbHandles=100, je.log.writeQueueSize=2097152, je.evictor.criticalPercentage=105, je.log.iteratorReadSize=1048576, je.log.numBuffers=16, je.nodeMaxEntries=128, je.evictor.nodesPerScan=200, je.rep.preHeartbeatTimeoutMs=5000000000, je.rep.consistencyPolicy=NoConsistencyRequiredPolicy, je.checkpointer.bytesInterval=200000000, je.cleaner.lazyMigration=false, je.txn.durability=write_no_sync,write_no_sync,simple_majority, je.cleaner.readSize=1048576, je.rep.txnRollbackLimit=10, je.log.fileCacheSize=2000, je.log.fileMax=1073741824}
2013-04-10 13:15:32.398 UTC INFO [rg1-rn1] Created new environment dir: .\kvroot\kvstore\sn1\rg1-rn1\env
2013-04-10 13:15:32.399 UTC INFO [rg1-rn1] Partition database cache mode: EVICT_LN
2013-04-10 13:15:32.463 UTC INFO [rg1-rn1] Starting RepNodeService
2013-04-10 13:15:32.463 UTC INFO [rg1-rn1] Starting RN MonitorAgent.  Server socket factory:<ServerSocketFactory name=monitor backlog=0 port range=0,0> Client socket connect factory: <ClientSocketFactory name=kvstore|rn|monitor id=1225420639 connectMs=10000 readMs=10000>
2013-04-10 13:15:32.490 UTC INFO [rg1-rn1] Starting MonitorAgent
2013-04-10 13:15:32.518 UTC INFO [rg1-rn1] RepNodeAdmin registered
2013-04-10 13:15:32.547 UTC INFO [rg1-rn1] JE recovery: POPULATE_UTILIZATION_PROFILE
2013-04-10 13:15:32.548 UTC INFO [rg1-rn1] JE recovery: REMOVE_TEMP_DBS
2013-04-10 13:15:32.549 UTC INFO [rg1-rn1] JE recovery: CKPT
2013-04-10 13:15:32.611 UTC INFO [rg1-rn1] JE recovery: RECOVERY_FINISHED
2013-04-10 13:15:32.620 UTC INFO [rg1-rn1] JE: Started ServiceDispatcher. HostPort=AGavrilov-nb2:5006
2013-04-10 13:15:32.626 UTC INFO [rg1-rn1] JE: Current group size: 0
2013-04-10 13:15:32.627 UTC INFO [rg1-rn1] JE: New node rg1-rn1(-1) unknown to rep group
2013-04-10 13:15:32.627 UTC INFO [rg1-rn1] JE: Master changed to rg1-rn1
2013-04-10 13:15:32.627 UTC INFO [rg1-rn1] JE: Nascent group. rg1-rn1 is master by virtue of being the first node.
2013-04-10 13:15:33.069 UTC INFO [rg1-rn1] JE: Successfully added node:rg1-rn1(1) HostPort = AGavrilov-nb2: 5006 [ELECTABLE]
2013-04-10 13:15:33.070 UTC INFO [rg1-rn1] JE: Refreshed 0 monitors.
2013-04-10 13:15:33.071 UTC INFO [rg1-rn1] JE recovery: BECOME_CONSISTENT
2013-04-10 13:15:33.071 UTC INFO [rg1-rn1] JE: Node rg1-rn1 started
2013-04-10 13:15:33.071 UTC INFO [rg1-rn1] JE: Feeder manager accepting requests.
2013-04-10 13:15:33.071 UTC INFO [rg1-rn1] JE: Joining group as master
2013-04-10 13:15:33.071 UTC INFO [rg1-rn1] JE: Refreshed 0 monitors.
2013-04-10 13:15:33.072 UTC INFO [rg1-rn1] Opened JE environment. JVM max heap: 259 522 560. JE properties: allowCreate=true
cacheSize=155713536
txnNoSync=false
txnWriteNoSync=false
{je.rep.envUnknownStateTimeout=10 s, je.rep.vlsn.logCacheSize=128, je.rep.nodeName=rg1-rn1, je.rep.nodeHostPort=AGavrilov-nb2:5006, je.tree.maxDelta=10, je.maxMemory=0, je.env.isTransactional=true, je.log.faultReadSize=4096, je.rep.vlsn.distance=1000000, je.env.runEvictor=true, je.rep.nodeType=ELECTABLE, je.cleaner.minUtilization=40, je.rep.replicaAckTimeout=5 s, je.rep.helperHosts=AGavrilov-nb2:5006, je.cleaner.threads=2, je.evictor.lruOnly=false, je.rep.replayMaxOpenDbHandles=100, je.log.writeQueueSize=2097152, je.evictor.criticalPercentage=105, je.log.iteratorReadSize=1048576, je.log.numBuffers=16, je.nodeMaxEntries=128, je.evictor.nodesPerScan=200, je.rep.groupName=rg1, je.rep.preHeartbeatTimeoutMs=5000000000, je.rep.consistencyPolicy=NoConsistencyRequiredPolicy, je.checkpointer.bytesInterval=200000000, je.cleaner.lazyMigration=false, je.txn.durability=WRITE_NO_SYNC,WRITE_NO_SYNC,SIMPLE_MAJORITY, je.cleaner.readSize=1048576, je.rep.preserveRecordVersion=true, je.rep.txnRollbackLimit=10, je.log.fileCacheSize=2000, je.log.fileMax=1073741824}

2013-04-10 13:15:33.222 UTC INFO [rg1-rn1] Local Environment version updated to: 11gR2.2.0.26 2013-01-28 12:19:21 UTC  Build id: 99ef986805a3 Previous version:  none
2013-04-10 13:15:33.223 UTC INFO [rg1-rn1] State change event: Wed Apr 10 17:15:33 MSK 2013, State: MASTER, Master: rg1-rn1
2013-04-10 13:15:33.224 UTC INFO [rg1-rn1] Master balance state tracker queue added:MASTER
2013-04-10 13:15:33.224 UTC INFO [rg1-rn1] Migration manager change state to MASTER.
2013-04-10 13:15:33.224 UTC INFO [rg1-rn1] Replicated environment handle established. Cache size: 155713536, State: MASTER
2013-04-10 13:15:33.224 UTC INFO [rg1-rn1] Environment does not contain topology store.
2013-04-10 13:15:33.224 UTC INFO [rg1-rn1] Topology needs to be pushed to this node.
2013-04-10 13:15:33.229 UTC INFO [rg1-rn1] Migration service accepting requests.
2013-04-10 13:15:33.233 UTC INFO [rg1-rn1] Service status changed from STARTING to RUNNING
2013-04-10 13:15:33.418 UTC INFO [admin1] [rg1-rn1] Service status: RUNNING 2013-04-10 13:15:33 UTC
2013-04-10 13:15:33.233 UTC INFO [rg1-rn1] Started RepNodeService
2013-04-10 13:15:33.347 UTC INFO [rg1-rn1] Topology updated from seq#: 0 to 4
2013-04-10 13:15:33.350 UTC INFO [rg1-rn1] Establishing partition database handles, topology seq#: 4
2013-04-10 13:15:33.351 UTC INFO [rg1-rn1] Established 0 partition database handles
2013-04-10 13:15:33.411 UTC INFO [rg1-rn1] Topology stored seq#: 4
2013-04-10 13:15:33.455 UTC INFO [admin1] Plan 4[Deploy KVStore]: task 3 [DeployNewRN rg1-rn1 on sn1(AGavrilov-nb2:5000)] ended, state=SUCCEEDED
2013-04-10 13:15:33.456 UTC INFO [admin1] Plan 4[Deploy KVStore]: task 4 [UpdateNthRNHelperHost] started
2013-04-10 13:15:33.489 UTC INFO [admin1] Plan 4[Deploy KVStore]: task 4 [UpdateNthRNHelperHost] ended, state=SUCCEEDED
2013-04-10 13:15:33.489 UTC INFO [admin1] Plan 4[Deploy KVStore]: task 5 [NewNthRNParameters] started
2013-04-10 13:15:33.522 UTC INFO [admin1] Plan 4[Deploy KVStore]: task 5 [NewNthRNParameters] ended, state=SUCCEEDED
2013-04-10 13:15:33.522 UTC INFO [admin1] Plan 4[Deploy KVStore]: task 6 [BroadcastTopo] started
2013-04-10 13:15:33.523 UTC INFO [admin1] Broadcasting topology seq# 4, changes for BroadcastTopo
2013-04-10 13:15:33.556 UTC INFO [admin1] Plan 4[Deploy KVStore]: task 6 [BroadcastTopo] ended, state=SUCCEEDED
2013-04-10 13:15:33.556 UTC INFO [admin1] Plan 4[Deploy KVStore]: task 7 [AddPartitions totalPartitions = 10] started
2013-04-10 13:15:33.589 UTC INFO [admin1] Broadcasting topology seq# 14, changes for Initializing new partitions
2013-04-10 13:15:33.689 UTC INFO [admin1] Plan 4[Deploy KVStore]: task 7 [AddPartitions totalPartitions = 10] ended, state=SUCCEEDED
2013-04-10 13:15:33.689 UTC INFO [admin1] PlanStateChange [id=4 name=Deploy KVStore state=SUCCEEDED at 2013-04-10 13:15:33 UTC numAttempts=1 : Plan finished.]
2013-04-10 13:15:33.722 UTC INFO [admin1] Plan 4[Deploy KVStore]: ended, state=SUCCEEDED
2013-04-10 13:15:33.722 UTC INFO [admin1] awaitPlan of Plan 4[Deploy KVStore] finished, state=SUCCEEDED
2013-04-10 13:15:31.402 UTC INFO [sn1] admin1: Creating AdminService
2013-04-10 13:15:31.615 UTC INFO [sn1] admin1: Created AdminService
2013-04-10 13:15:32.116 UTC INFO [sn1] rg1-rn1: Creating RepNode
2013-04-10 13:15:32.335 UTC INFO [sn1] rg1-rn1: Starting RepNode
2013-04-10 13:15:32.337 UTC INFO [sn1] rg1-rn1: Started RepNode
2013-04-10 13:15:32.337 UTC INFO [sn1] rg1-rn1: Configuring RepNode
2013-04-10 13:15:33.233 UTC INFO [sn1] Thread returning for service rg1-rn1
2013-04-10 13:15:33.412 UTC INFO [sn1] rg1-rn1: Created RepNode
2013-04-10 13:15:34.232 UTC INFO [sn1] noteState called
2013-04-10 13:15:34.232 UTC INFO [sn1] added:State RN:rg1-rn1 state: MASTER top seq num: 14
2013-04-10 13:15:34.821 UTC INFO [sn1] Topology acquired from RN: rg1-rn1 Topo seq#: 14
2013-04-10 13:15:34.822 UTC INFO [sn1] sn: sn1 state transition: State RN:rg1-rn1 state: MASTER top seq num: 14 active masters:[rg1-rn1] active replicas:0 replica leases:0
2013-04-10 13:15:33.496 UTC INFO [rg1-rn1] newParameters are identical to old parameters
2013-04-10 13:15:33.594 UTC INFO [rg1-rn1] Topology incrementally updated from seq#: 4 to 14
2013-04-10 13:15:33.594 UTC INFO [rg1-rn1] Establishing partition database handles, topology seq#: 14
2013-04-10 13:15:33.602 UTC INFO [rg1-rn1] Established 10 partition database handles
2013-04-10 13:15:33.644 UTC INFO [rg1-rn1] Topology stored seq#: 14
2013-04-10 13:15:34.231 UTC INFO [rg1-rn1] MasterBalanceStateTracker thread start rn: rg1-rn1
2013-04-10 13:22:28.021 UTC INFO [admin1] Initializing Admin for store: kvstore
2013-04-10 13:22:28.021 UTC INFO [admin1] JVM Runtime maxMemory (bytes): 259522560
2013-04-10 13:22:28.022 UTC INFO [admin1] Non-default JE properties for environment: {je.rep.vlsn.logCacheSize=128, je.rep.envUnknownStateTimeout=10 s, je.tree.maxDelta=10, je.log.faultReadSize=4096, je.rep.vlsn.distance=1000000, je.env.runEvictor=true, je.cleaner.minUtilization=40, je.rep.replicaAckTimeout=5 s, je.cleaner.threads=2, je.evictor.lruOnly=false, je.rep.replayMaxOpenDbHandles=100, je.log.writeQueueSize=2097152, je.evictor.criticalPercentage=105, je.log.iteratorReadSize=1048576, je.log.numBuffers=16, je.nodeMaxEntries=128, je.evictor.nodesPerScan=200, je.rep.preHeartbeatTimeoutMs=5000000000, je.rep.consistencyPolicy=NoConsistencyRequiredPolicy, je.checkpointer.bytesInterval=200000000, je.cleaner.lazyMigration=false, je.txn.durability=write_no_sync,write_no_sync,simple_majority, je.cleaner.readSize=1048576, je.rep.txnRollbackLimit=10, je.log.fileCacheSize=2000, je.log.fileMax=1073741824}
2013-04-10 13:22:28.254 UTC INFO [admin1] JE recovery: FIND_END_OF_LOG
2013-04-10 13:22:28.290 UTC INFO [admin1] JE recovery: FIND_LAST_CKPT
2013-04-10 13:22:28.295 UTC INFO [admin1] JE recovery: READ_DBMAP_INFO
2013-04-10 13:22:28.337 UTC INFO [admin1] JE recovery: UNDO_DBMAP_RECORDS
2013-04-10 13:22:28.340 UTC INFO [admin1] JE recovery: REDO_DBMAP_RECORDS
2013-04-10 13:22:28.344 UTC INFO [admin1] JE recovery: READ_DATA_INFO
2013-04-10 13:22:28.357 UTC INFO [admin1] JE recovery: UNDO_DATA_RECORDS
2013-04-10 13:22:28.360 UTC INFO [admin1] JE recovery: REDO_DATA_RECORDS
2013-04-10 13:22:28.374 UTC INFO [admin1] JE recovery: POPULATE_UTILIZATION_PROFILE
2013-04-10 13:22:28.375 UTC INFO [admin1] JE recovery: REMOVE_TEMP_DBS
2013-04-10 13:22:28.450 UTC INFO [admin1] JE recovery: CKPT
2013-04-10 13:22:28.535 UTC INFO [admin1] JE recovery: RECOVERY_FINISHED
2013-04-10 13:22:28.562 UTC INFO [admin1] JE: Started ServiceDispatcher. HostPort=AGavrilov-nb2:5005
2013-04-10 13:22:28.562 UTC INFO [admin1] JE: Started ServiceDispatcher. HostPort=AGavrilov-nb2:5005
2013-04-10 13:22:28.609 UTC INFO [admin1] JE: Current group size: 1
2013-04-10 13:22:28.609 UTC INFO [admin1] JE: Current group size: 1
2013-04-10 13:22:28.610 UTC INFO [admin1] JE: Existing node 1 querying for a current master.
2013-04-10 13:22:28.610 UTC INFO [admin1] JE: Existing node 1 querying for a current master.
2013-04-10 13:22:28.631 UTC INFO [admin1] JE: Node 1 started
2013-04-10 13:22:28.632 UTC INFO [admin1] JE: Node 1 started
2013-04-10 13:22:28.631 UTC INFO [admin1] JE recovery: BECOME_CONSISTENT
2013-04-10 13:22:28.632 UTC INFO [admin1] JE: Election initiated; election #1
2013-04-10 13:22:28.632 UTC INFO [admin1] JE: Election initiated; election #1
2013-04-10 13:22:28.634 UTC INFO [admin1] JE: Started election thread Wed Apr 10 17:22:28 MSK 2013
2013-04-10 13:22:28.634 UTC INFO [admin1] JE: Started election thread Wed Apr 10 17:22:28 MSK 2013
2013-04-10 13:22:30.681 UTC INFO [admin1] JE: Winning proposal: Proposal(0000013df41ca46b:000000000000000000000000ac1100a2:00000001) Value: Value:172.17.0.162$$$5005$$$1$$$1
2013-04-10 13:22:30.682 UTC INFO [admin1] JE: Winning proposal: Proposal(0000013df41ca46b:000000000000000000000000ac1100a2:00000001) Value: Value:172.17.0.162$$$5005$$$1$$$1
2013-04-10 13:22:30.687 UTC INFO [admin1] JE: Master changed to 1
2013-04-10 13:22:30.687 UTC INFO [admin1] JE: Master changed to 1
2013-04-10 13:22:30.687 UTC INFO [admin1] JE: Election finished. Elapsed time: 2055ms
2013-04-10 13:22:30.688 UTC INFO [admin1] JE: Election thread exited. Group master: 1(1)
2013-04-10 13:22:30.688 UTC INFO [admin1] JE: Election finished. Elapsed time: 2055ms
2013-04-10 13:22:30.688 UTC INFO [admin1] JE: Election thread exited. Group master: 1(1)
2013-04-10 13:22:30.689 UTC INFO [admin1] JE: Feeder manager accepting requests.
2013-04-10 13:22:30.689 UTC INFO [admin1] JE: Feeder manager accepting requests.
2013-04-10 13:22:30.692 UTC INFO [admin1] JE: Joining group as master
2013-04-10 13:22:30.692 UTC INFO [admin1] JE: Joining group as master
2013-04-10 13:22:30.694 UTC INFO [admin1] JE: Refreshed 0 monitors.
2013-04-10 13:22:30.694 UTC INFO [admin1] JE: Refreshed 0 monitors.
2013-04-10 13:22:30.698 UTC INFO [admin1] State change event: Wed Apr 10 17:22:30 MSK 2013, State: MASTER, Master: 1
2013-04-10 13:22:30.846 UTC FINE Closing StorewideLoggingView
2013-04-10 13:22:30.862 UTC INFO [admin1] Using existing Admin database
2013-04-10 13:22:30.865 UTC INFO [admin1] Monitor collector: adding sn1 to monitoring
2013-04-10 13:22:30.866 UTC INFO [admin1] Monitor collector: adding rg1-rn1 to monitoring
2013-04-10 13:22:27.525 UTC INFO [sn1] Starting StorageNodeAgent for kvstore
2013-04-10 13:22:27.527 UTC INFO [sn1] Creating a Registry on port AGavrilov-nb2:5000 server socket factory:<ServerSocketFactory name=registry backlog=1024 port range=0,0>
2013-04-10 13:22:30.883 UTC INFO [admin1] Replicated environment handle established. Cache size: 155713536, State: MASTER
2013-04-10 13:22:27.556 UTC INFO [sn1] Using mgmt class oracle.kv.impl.mgmt.NoOpAgent
2013-04-10 13:22:27.961 UTC INFO [sn1] Acquiring initial topology from RNs
2013-04-10 13:22:27.965 UTC INFO [sn1] rg1-rn1: Starting RepNode
2013-04-10 13:22:27.965 UTC INFO [sn1] rg1-rn1: Started RepNode
2013-04-10 13:22:27.969 UTC INFO [sn1] admin1: Starting AdminService
2013-04-10 13:22:27.969 UTC INFO [sn1] admin1: Started AdminService
2013-04-10 13:22:27.970 UTC INFO [sn1] Starting MonitorAgent.  Server socket factory:<ServerSocketFactory name=monitor backlog=0 port range=0,0> Client socket factory:<ClientSocketFactory name=kvstore|sn|monitor id=1354498358 connectMs=10000 readMs=5000>
2013-04-10 13:22:28.033 UTC INFO [sn1] Rebound to registry port 5000 using name sn1
2013-04-10 13:22:28.033 UTC INFO [sn1] Service status changed from STARTING to RUNNING
2013-04-10 13:22:30.884 UTC INFO [admin1] [sn1] Service status: RUNNING 2013-04-10 13:22:28 UTC
2013-04-10 13:22:28.033 UTC INFO [sn1] Started StorageNodeAgent for kvstore Server socket factory: <ServerSocketFactory name=main backlog=0 port range=0,0> Client socket factory: <ClientSocketFactory name=kvstore|sn|main id=-325544893 connectMs=10000 readMs=140000>
2013-04-10 13:22:28.011 UTC INFO [rg1-rn1] RepNodeStateUpdateThread started
2013-04-10 13:22:28.053 UTC INFO [rg1-rn1] JVM Runtime maxMemory (bytes): 259522560
2013-04-10 13:22:28.053 UTC INFO [rg1-rn1] Non-default JE properties for environment: {je.rep.vlsn.logCacheSize=128, je.rep.envUnknownStateTimeout=10 s, je.tree.maxDelta=10, je.log.faultReadSize=4096, je.rep.vlsn.distance=1000000, je.env.runEvictor=true, je.cleaner.minUtilization=40, je.rep.replicaAckTimeout=5 s, je.cleaner.threads=2, je.evictor.lruOnly=false, je.rep.replayMaxOpenDbHandles=100, je.log.writeQueueSize=2097152, je.evictor.criticalPercentage=105, je.log.iteratorReadSize=1048576, je.log.numBuffers=16, je.nodeMaxEntries=128, je.evictor.nodesPerScan=200, je.rep.preHeartbeatTimeoutMs=5000000000, je.rep.consistencyPolicy=NoConsistencyRequiredPolicy, je.checkpointer.bytesInterval=200000000, je.cleaner.lazyMigration=false, je.txn.durability=write_no_sync,write_no_sync,simple_majority, je.cleaner.readSize=1048576, je.rep.txnRollbackLimit=10, je.log.fileCacheSize=2000, je.log.fileMax=1073741824}
2013-04-10 13:22:28.069 UTC INFO [rg1-rn1] Partition database cache mode: EVICT_LN
2013-04-10 13:22:28.091 UTC INFO [rg1-rn1] Starting RepNodeService
2013-04-10 13:22:28.091 UTC INFO [rg1-rn1] Starting RN MonitorAgent.  Server socket factory:<ServerSocketFactory name=monitor backlog=0 port range=0,0> Client socket connect factory: <ClientSocketFactory name=kvstore|rn|monitor id=1225420639 connectMs=10000 readMs=10000>
2013-04-10 13:22:28.099 UTC INFO [rg1-rn1] Starting MonitorAgent
2013-04-10 13:22:28.114 UTC INFO [rg1-rn1] RepNodeAdmin registered
2013-04-10 13:22:28.254 UTC INFO [rg1-rn1] JE recovery: FIND_END_OF_LOG
2013-04-10 13:22:28.289 UTC INFO [rg1-rn1] JE recovery: FIND_LAST_CKPT
2013-04-10 13:22:28.295 UTC INFO [rg1-rn1] JE recovery: READ_DBMAP_INFO
2013-04-10 13:22:28.331 UTC INFO [rg1-rn1] JE recovery: UNDO_DBMAP_RECORDS
2013-04-10 13:22:28.333 UTC INFO [rg1-rn1] JE recovery: REDO_DBMAP_RECORDS
2013-04-10 13:22:28.340 UTC INFO [rg1-rn1] JE recovery: READ_DATA_INFO
2013-04-10 13:22:28.351 UTC INFO [rg1-rn1] JE recovery: UNDO_DATA_RECORDS
2013-04-10 13:22:28.356 UTC INFO [rg1-rn1] JE recovery: REDO_DATA_RECORDS
2013-04-10 13:22:28.363 UTC INFO [rg1-rn1] JE recovery: POPULATE_UTILIZATION_PROFILE
2013-04-10 13:22:28.368 UTC INFO [rg1-rn1] JE recovery: REMOVE_TEMP_DBS
2013-04-10 13:22:28.450 UTC INFO [rg1-rn1] JE recovery: CKPT
2013-04-10 13:22:28.536 UTC INFO [rg1-rn1] JE recovery: RECOVERY_FINISHED
2013-04-10 13:22:28.562 UTC INFO [rg1-rn1] JE: Started ServiceDispatcher. HostPort=AGavrilov-nb2:5006
2013-04-10 13:22:28.562 UTC INFO [rg1-rn1] JE: Started ServiceDispatcher. HostPort=AGavrilov-nb2:5006
2013-04-10 13:22:28.609 UTC INFO [rg1-rn1] JE: Current group size: 1
2013-04-10 13:22:28.609 UTC INFO [rg1-rn1] JE: Current group size: 1
2013-04-10 13:22:28.609 UTC INFO [rg1-rn1] JE: Existing node rg1-rn1 querying for a current master.
2013-04-10 13:22:28.610 UTC INFO [rg1-rn1] JE: Existing node rg1-rn1 querying for a current master.
2013-04-10 13:22:28.631 UTC INFO [rg1-rn1] JE recovery: BECOME_CONSISTENT
2013-04-10 13:22:28.632 UTC INFO [rg1-rn1] JE: Node rg1-rn1 started
2013-04-10 13:22:28.632 UTC INFO [rg1-rn1] JE: Node rg1-rn1 started
2013-04-10 13:22:28.632 UTC INFO [rg1-rn1] JE: Election initiated; election #1
2013-04-10 13:22:28.632 UTC INFO [rg1-rn1] JE: Election initiated; election #1
2013-04-10 13:22:28.634 UTC INFO [rg1-rn1] JE: Started election thread Wed Apr 10 17:22:28 MSK 2013
2013-04-10 13:22:28.634 UTC INFO [rg1-rn1] JE: Started election thread Wed Apr 10 17:22:28 MSK 2013
2013-04-10 13:22:30.681 UTC INFO [rg1-rn1] JE: Winning proposal: Proposal(0000013df41ca46c:000000000000000000000000ac1100a2:00000001) Value: Value:172.17.0.162$$$5006$$$rg1-rn1$$$1
2013-04-10 13:22:30.682 UTC INFO [rg1-rn1] JE: Winning proposal: Proposal(0000013df41ca46c:000000000000000000000000ac1100a2:00000001) Value: Value:172.17.0.162$$$5006$$$rg1-rn1$$$1
2013-04-10 13:22:30.686 UTC INFO [rg1-rn1] JE: Master changed to rg1-rn1
2013-04-10 13:22:30.687 UTC INFO [rg1-rn1] JE: Master changed to rg1-rn1
2013-04-10 13:22:30.687 UTC INFO [rg1-rn1] JE: Election finished. Elapsed time: 2055ms
2013-04-10 13:22:30.688 UTC INFO [rg1-rn1] JE: Election finished. Elapsed time: 2055ms
2013-04-10 13:22:30.687 UTC INFO [rg1-rn1] JE: Election thread exited. Group master: rg1-rn1(1)
2013-04-10 13:22:30.688 UTC INFO [rg1-rn1] JE: Election thread exited. Group master: rg1-rn1(1)
2013-04-10 13:22:30.689 UTC INFO [rg1-rn1] JE: Feeder manager accepting requests.
2013-04-10 13:22:30.689 UTC INFO [rg1-rn1] JE: Feeder manager accepting requests.
2013-04-10 13:22:30.692 UTC INFO [rg1-rn1] JE: Joining group as master
2013-04-10 13:22:30.692 UTC INFO [rg1-rn1] JE: Joining group as master
2013-04-10 13:22:30.694 UTC INFO [rg1-rn1] JE: Refreshed 0 monitors.
2013-04-10 13:22:30.694 UTC INFO [rg1-rn1] JE: Refreshed 0 monitors.
2013-04-10 13:22:30.695 UTC INFO [rg1-rn1] Opened JE environment. JVM max heap: 259 522 560. JE properties: allowCreate=true
cacheSize=155713536
txnNoSync=false
txnWriteNoSync=false
{je.rep.envUnknownStateTimeout=10 s, je.rep.vlsn.logCacheSize=128, je.rep.nodeName=rg1-rn1, je.rep.nodeHostPort=AGavrilov-nb2:5006, je.tree.maxDelta=10, je.maxMemory=0, je.env.isTransactional=true, je.log.faultReadSize=4096, je.rep.vlsn.distance=1000000, je.env.runEvictor=true, je.rep.nodeType=ELECTABLE, je.cleaner.minUtilization=40, je.rep.replicaAckTimeout=5 s, je.rep.helperHosts=AGavrilov-nb2:5006, je.cleaner.threads=2, je.evictor.lruOnly=false, je.rep.replayMaxOpenDbHandles=100, je.log.writeQueueSize=2097152, je.evictor.criticalPercentage=105, je.log.iteratorReadSize=1048576, je.log.numBuffers=16, je.nodeMaxEntries=128, je.evictor.nodesPerScan=200, je.rep.groupName=rg1, je.rep.preHeartbeatTimeoutMs=5000000000, je.rep.consistencyPolicy=NoConsistencyRequiredPolicy, je.checkpointer.bytesInterval=200000000, je.cleaner.lazyMigration=false, je.txn.durability=WRITE_NO_SYNC,WRITE_NO_SYNC,SIMPLE_MAJORITY, je.cleaner.readSize=1048576, je.rep.preserveRecordVersion=true, je.rep.txnRollbackLimit=10, je.log.fileCacheSize=2000, je.log.fileMax=1073741824}

2013-04-10 13:22:30.710 UTC INFO [rg1-rn1] State change event: Wed Apr 10 17:22:30 MSK 2013, State: MASTER, Master: rg1-rn1
2013-04-10 13:22:30.712 UTC INFO [rg1-rn1] Master balance state tracker queue added:MASTER
2013-04-10 13:22:30.712 UTC INFO [rg1-rn1] Migration manager change state to MASTER.
2013-04-10 13:22:30.712 UTC INFO [rg1-rn1] Replicated environment handle established. Cache size: 155713536, State: MASTER
2013-04-10 13:22:30.715 UTC INFO [rg1-rn1] Migration service accepting requests.
2013-04-10 13:22:30.889 UTC INFO [admin1] [rg1-rn1] Service status: STARTING 2013-04-10 13:22:30 UTC
2013-04-10 13:22:31.103 UTC INFO [sn1] Thread returning for service rg1-rn1
2013-04-10 13:22:31.104 UTC INFO [sn1] noteState called
2013-04-10 13:22:31.104 UTC INFO [sn1] added:State RN:rg1-rn1 state: MASTER top seq num: 14
2013-04-10 13:22:31.967 UTC INFO [sn1] Topology acquired from RN: rg1-rn1 Topo seq#: 14
2013-04-10 13:22:31.967 UTC INFO [sn1] sn: sn1 state transition: State RN:rg1-rn1 state: MASTER top seq num: 14 active masters:[rg1-rn1] active replicas:0 replica leases:0
2013-04-10 13:22:32.499 UTC INFO [sn1] Thread returning for service admin1
2013-04-10 13:22:30.882 UTC INFO [rg1-rn1] Topology updated from seq#: 0 to 14
2013-04-10 13:22:30.890 UTC INFO [rg1-rn1] Establishing partition database handles, topology seq#: 14
2013-04-10 13:22:30.894 UTC INFO [rg1-rn1] Established 10 partition database handles
2013-04-10 13:22:31.080 UTC INFO [rg1-rn1] Topology stored seq#: 14
2013-04-10 13:22:31.081 UTC INFO [rg1-rn1] Topology fetched sequence#: 14
2013-04-10 13:22:31.100 UTC INFO [rg1-rn1] MasterBalanceStateTracker thread start rn: rg1-rn1
2013-04-10 13:22:31.103 UTC INFO [rg1-rn1] Service status changed from STARTING to RUNNING
2013-04-10 13:22:50.873 UTC INFO [admin1] [rg1-rn1] Service status: RUNNING 2013-04-10 13:22:31 UTC
2013-04-10 13:22:31.103 UTC INFO [rg1-rn1] Started RepNodeService
2013-04-10 13:23:57.710 UTC INFO [admin1] Initializing Admin for store: kvstore
2013-04-10 13:23:57.710 UTC INFO [admin1] JVM Runtime maxMemory (bytes): 259522560
2013-04-10 13:23:57.711 UTC INFO [admin1] Non-default JE properties for environment: {je.rep.vlsn.logCacheSize=128, je.rep.envUnknownStateTimeout=10 s, je.tree.maxDelta=10, je.log.faultReadSize=4096, je.rep.vlsn.distance=1000000, je.env.runEvictor=true, je.cleaner.minUtilization=40, je.rep.replicaAckTimeout=5 s, je.cleaner.threads=2, je.evictor.lruOnly=false, je.rep.replayMaxOpenDbHandles=100, je.log.writeQueueSize=2097152, je.evictor.criticalPercentage=105, je.log.iteratorReadSize=1048576, je.log.numBuffers=16, je.nodeMaxEntries=128, je.evictor.nodesPerScan=200, je.rep.preHeartbeatTimeoutMs=5000000000, je.rep.consistencyPolicy=NoConsistencyRequiredPolicy, je.checkpointer.bytesInterval=200000000, je.cleaner.lazyMigration=false, je.txn.durability=write_no_sync,write_no_sync,simple_majority, je.cleaner.readSize=1048576, je.rep.txnRollbackLimit=10, je.log.fileCacheSize=2000, je.log.fileMax=1073741824}
2013-04-10 13:23:57.949 UTC INFO [admin1] JE recovery: FIND_END_OF_LOG
2013-04-10 13:23:57.986 UTC INFO [admin1] JE recovery: FIND_LAST_CKPT
2013-04-10 13:23:57.990 UTC INFO [admin1] JE recovery: READ_DBMAP_INFO
2013-04-10 13:23:58.021 UTC INFO [admin1] JE recovery: UNDO_DBMAP_RECORDS
2013-04-10 13:23:58.022 UTC INFO [admin1] JE recovery: REDO_DBMAP_RECORDS
2013-04-10 13:23:58.025 UTC INFO [admin1] JE recovery: READ_DATA_INFO
2013-04-10 13:23:58.038 UTC INFO [admin1] JE recovery: UNDO_DATA_RECORDS
2013-04-10 13:23:58.041 UTC INFO [admin1] JE recovery: REDO_DATA_RECORDS
2013-04-10 13:23:58.044 UTC INFO [admin1] JE recovery: POPULATE_UTILIZATION_PROFILE
2013-04-10 13:23:58.049 UTC INFO [admin1] JE recovery: REMOVE_TEMP_DBS
2013-04-10 13:23:58.126 UTC INFO [admin1] JE recovery: CKPT
2013-04-10 13:23:58.257 UTC INFO [admin1] JE recovery: RECOVERY_FINISHED
2013-04-10 13:23:58.284 UTC INFO [admin1] JE: Started ServiceDispatcher. HostPort=AGavrilov-nb2:5005
2013-04-10 13:23:58.284 UTC INFO [admin1] JE: Started ServiceDispatcher. HostPort=AGavrilov-nb2:5005
2013-04-10 13:23:58.328 UTC INFO [admin1] JE: Current group size: 1
2013-04-10 13:23:58.329 UTC INFO [admin1] JE: Current group size: 1
2013-04-10 13:23:58.329 UTC INFO [admin1] JE: Existing node 1 querying for a current master.
2013-04-10 13:23:58.329 UTC INFO [admin1] JE: Existing node 1 querying for a current master.
2013-04-10 13:23:58.342 UTC INFO [admin1] JE recovery: BECOME_CONSISTENT
2013-04-10 13:23:58.342 UTC INFO [admin1] JE: Node 1 started
2013-04-10 13:23:58.342 UTC INFO [admin1] JE: Node 1 started
2013-04-10 13:23:58.343 UTC INFO [admin1] JE: Election initiated; election #1
2013-04-10 13:23:58.343 UTC INFO [admin1] JE: Election initiated; election #1
2013-04-10 13:23:58.344 UTC INFO [admin1] JE: Started election thread Wed Apr 10 17:23:58 MSK 2013
2013-04-10 13:23:58.345 UTC INFO [admin1] JE: Started election thread Wed Apr 10 17:23:58 MSK 2013
2013-04-10 13:24:00.359 UTC INFO [admin1] JE: Winning proposal: Proposal(0000013df41e02d9:000000000000000000000000ac1100a2:00000001) Value: Value:172.17.0.162$$$5005$$$1$$$1
2013-04-10 13:24:00.359 UTC INFO [admin1] JE: Winning proposal: Proposal(0000013df41e02d9:000000000000000000000000ac1100a2:00000001) Value: Value:172.17.0.162$$$5005$$$1$$$1
2013-04-10 13:24:00.362 UTC INFO [admin1] JE: Master changed to 1
2013-04-10 13:24:00.362 UTC INFO [admin1] JE: Master changed to 1
2013-04-10 13:24:00.362 UTC INFO [admin1] JE: Election finished. Elapsed time: 2019ms
2013-04-10 13:24:00.362 UTC INFO [admin1] JE: Election thread exited. Group master: 1(1)
2013-04-10 13:24:00.363 UTC INFO [admin1] JE: Election finished. Elapsed time: 2019ms
2013-04-10 13:24:00.363 UTC INFO [admin1] JE: Election thread exited. Group master: 1(1)
2013-04-10 13:24:00.363 UTC INFO [admin1] JE: Feeder manager accepting requests.
2013-04-10 13:24:00.363 UTC INFO [admin1] JE: Feeder manager accepting requests.
2013-04-10 13:24:00.364 UTC INFO [admin1] JE: Joining group as master
2013-04-10 13:24:00.364 UTC INFO [admin1] JE: Joining group as master
2013-04-10 13:24:00.365 UTC INFO [admin1] JE: Refreshed 0 monitors.
2013-04-10 13:24:00.365 UTC INFO [admin1] JE: Refreshed 0 monitors.
2013-04-10 13:24:00.367 UTC INFO [admin1] State change event: Wed Apr 10 17:24:00 MSK 2013, State: MASTER, Master: 1
2013-04-10 13:24:00.504 UTC FINE Closing StorewideLoggingView
2013-04-10 13:24:00.520 UTC INFO [admin1] Using existing Admin database
2013-04-10 13:24:00.524 UTC INFO [admin1] Monitor collector: adding sn1 to monitoring
2013-04-10 13:24:00.525 UTC INFO [admin1] Monitor collector: adding rg1-rn1 to monitoring
2013-04-10 13:23:57.240 UTC INFO [sn1] Starting StorageNodeAgent for kvstore
2013-04-10 13:23:57.241 UTC INFO [sn1] Creating a Registry on port AGavrilov-nb2:5000 server socket factory:<ServerSocketFactory name=registry backlog=1024 port range=0,0>
2013-04-10 13:23:57.271 UTC INFO [sn1] Using mgmt class oracle.kv.impl.mgmt.NoOpAgent
2013-04-10 13:23:57.651 UTC INFO [sn1] Acquiring initial topology from RNs
2013-04-10 13:23:57.655 UTC INFO [sn1] rg1-rn1: Starting RepNode
2013-04-10 13:23:57.655 UTC INFO [sn1] rg1-rn1: Started RepNode
2013-04-10 13:23:57.659 UTC INFO [sn1] admin1: Starting AdminService
2013-04-10 13:23:57.660 UTC INFO [sn1] admin1: Started AdminService
2013-04-10 13:23:57.660 UTC INFO [sn1] Starting MonitorAgent.  Server socket factory:<ServerSocketFactory name=monitor backlog=0 port range=0,0> Client socket factory:<ClientSocketFactory name=kvstore|sn|monitor id=1354498358 connectMs=10000 readMs=5000>
2013-04-10 13:24:00.532 UTC INFO [admin1] Replicated environment handle established. Cache size: 155713536, State: MASTER
2013-04-10 13:23:57.726 UTC INFO [sn1] Rebound to registry port 5000 using name sn1
2013-04-10 13:23:57.726 UTC INFO [sn1] Service status changed from STARTING to RUNNING
2013-04-10 13:24:00.534 UTC INFO [admin1] [sn1] Service status: RUNNING 2013-04-10 13:23:57 UTC
2013-04-10 13:23:57.709 UTC INFO [rg1-rn1] RepNodeStateUpdateThread started
2013-04-10 13:23:57.726 UTC INFO [sn1] Started StorageNodeAgent for kvstore Server socket factory: <ServerSocketFactory name=main backlog=0 port range=0,0> Client socket factory: <ClientSocketFactory name=kvstore|sn|main id=-325544893 connectMs=10000 readMs=140000>
2013-04-10 13:23:57.747 UTC INFO [rg1-rn1] JVM Runtime maxMemory (bytes): 259522560
2013-04-10 13:23:57.747 UTC INFO [rg1-rn1] Non-default JE properties for environment: {je.rep.vlsn.logCacheSize=128, je.rep.envUnknownStateTimeout=10 s, je.tree.maxDelta=10, je.log.faultReadSize=4096, je.rep.vlsn.distance=1000000, je.env.runEvictor=true, je.cleaner.minUtilization=40, je.rep.replicaAckTimeout=5 s, je.cleaner.threads=2, je.evictor.lruOnly=false, je.rep.replayMaxOpenDbHandles=100, je.log.writeQueueSize=2097152, je.evictor.criticalPercentage=105, je.log.iteratorReadSize=1048576, je.log.numBuffers=16, je.nodeMaxEntries=128, je.evictor.nodesPerScan=200, je.rep.preHeartbeatTimeoutMs=5000000000, je.rep.consistencyPolicy=NoConsistencyRequiredPolicy, je.checkpointer.bytesInterval=200000000, je.cleaner.lazyMigration=false, je.txn.durability=write_no_sync,write_no_sync,simple_majority, je.cleaner.readSize=1048576, je.rep.txnRollbackLimit=10, je.log.fileCacheSize=2000, je.log.fileMax=1073741824}
2013-04-10 13:23:57.764 UTC INFO [rg1-rn1] Partition database cache mode: EVICT_LN
2013-04-10 13:23:57.785 UTC INFO [rg1-rn1] Starting RepNodeService
2013-04-10 13:23:57.785 UTC INFO [rg1-rn1] Starting RN MonitorAgent.  Server socket factory:<ServerSocketFactory name=monitor backlog=0 port range=0,0> Client socket connect factory: <ClientSocketFactory name=kvstore|rn|monitor id=1225420639 connectMs=10000 readMs=10000>
2013-04-10 13:23:57.792 UTC INFO [rg1-rn1] Starting MonitorAgent
2013-04-10 13:23:57.808 UTC INFO [rg1-rn1] RepNodeAdmin registered
2013-04-10 13:23:57.949 UTC INFO [rg1-rn1] JE recovery: FIND_END_OF_LOG
2013-04-10 13:23:57.985 UTC INFO [rg1-rn1] JE recovery: FIND_LAST_CKPT
2013-04-10 13:23:57.990 UTC INFO [rg1-rn1] JE recovery: READ_DBMAP_INFO
2013-04-10 13:23:58.010 UTC INFO [rg1-rn1] JE recovery: UNDO_DBMAP_RECORDS
2013-04-10 13:23:58.017 UTC INFO [rg1-rn1] JE recovery: REDO_DBMAP_RECORDS
2013-04-10 13:23:58.021 UTC INFO [rg1-rn1] JE recovery: READ_DATA_INFO
2013-04-10 13:23:58.032 UTC INFO [rg1-rn1] JE recovery: UNDO_DATA_RECORDS
2013-04-10 13:23:58.038 UTC INFO [rg1-rn1] JE recovery: REDO_DATA_RECORDS
2013-04-10 13:23:58.043 UTC INFO [rg1-rn1] JE recovery: POPULATE_UTILIZATION_PROFILE
2013-04-10 13:23:58.049 UTC INFO [rg1-rn1] JE recovery: REMOVE_TEMP_DBS
2013-04-10 13:23:58.066 UTC INFO [rg1-rn1] JE recovery: CKPT
2013-04-10 13:23:58.257 UTC INFO [rg1-rn1] JE recovery: RECOVERY_FINISHED
2013-04-10 13:23:58.284 UTC INFO [rg1-rn1] JE: Started ServiceDispatcher. HostPort=AGavrilov-nb2:5006
2013-04-10 13:23:58.284 UTC INFO [rg1-rn1] JE: Started ServiceDispatcher. HostPort=AGavrilov-nb2:5006
2013-04-10 13:23:58.328 UTC INFO [rg1-rn1] JE: Current group size: 1
2013-04-10 13:23:58.328 UTC INFO [rg1-rn1] JE: Current group size: 1
2013-04-10 13:23:58.329 UTC INFO [rg1-rn1] JE: Existing node rg1-rn1 querying for a current master.
2013-04-10 13:23:58.329 UTC INFO [rg1-rn1] JE: Existing node rg1-rn1 querying for a current master.
2013-04-10 13:23:58.342 UTC INFO [rg1-rn1] JE recovery: BECOME_CONSISTENT
2013-04-10 13:23:58.342 UTC INFO [rg1-rn1] JE: Node rg1-rn1 started
2013-04-10 13:23:58.342 UTC INFO [rg1-rn1] JE: Node rg1-rn1 started
2013-04-10 13:23:58.342 UTC INFO [rg1-rn1] JE: Election initiated; election #1
2013-04-10 13:23:58.342 UTC INFO [rg1-rn1] JE: Election initiated; election #1
2013-04-10 13:23:58.344 UTC INFO [rg1-rn1] JE: Started election thread Wed Apr 10 17:23:58 MSK 2013
2013-04-10 13:23:58.344 UTC INFO [rg1-rn1] JE: Started election thread Wed Apr 10 17:23:58 MSK 2013
2013-04-10 13:24:00.359 UTC INFO [rg1-rn1] JE: Winning proposal: Proposal(0000013df41e02d9:000000000000000000000000ac1100a2:00000001) Value: Value:172.17.0.162$$$5006$$$rg1-rn1$$$1
2013-04-10 13:24:00.359 UTC INFO [rg1-rn1] JE: Winning proposal: Proposal(0000013df41e02d9:000000000000000000000000ac1100a2:00000001) Value: Value:172.17.0.162$$$5006$$$rg1-rn1$$$1
2013-04-10 13:24:00.362 UTC INFO [rg1-rn1] JE: Master changed to rg1-rn1
2013-04-10 13:24:00.362 UTC INFO [rg1-rn1] JE: Master changed to rg1-rn1
2013-04-10 13:24:00.362 UTC INFO [rg1-rn1] JE: Election finished. Elapsed time: 2020ms
2013-04-10 13:24:00.362 UTC INFO [rg1-rn1] JE: Election thread exited. Group master: rg1-rn1(1)
2013-04-10 13:24:00.362 UTC INFO [rg1-rn1] JE: Election finished. Elapsed time: 2020ms
2013-04-10 13:24:00.362 UTC INFO [rg1-rn1] JE: Election thread exited. Group master: rg1-rn1(1)
2013-04-10 13:24:00.363 UTC INFO [rg1-rn1] JE: Feeder manager accepting requests.
2013-04-10 13:24:00.363 UTC INFO [rg1-rn1] JE: Feeder manager accepting requests.
2013-04-10 13:24:00.364 UTC INFO [rg1-rn1] JE: Joining group as master
2013-04-10 13:24:00.364 UTC INFO [rg1-rn1] JE: Joining group as master
2013-04-10 13:24:00.365 UTC INFO [rg1-rn1] JE: Refreshed 0 monitors.
2013-04-10 13:24:00.365 UTC INFO [rg1-rn1] JE: Refreshed 0 monitors.
2013-04-10 13:24:00.366 UTC INFO [rg1-rn1] Opened JE environment. JVM max heap: 259 522 560. JE properties: allowCreate=true
cacheSize=155713536
txnNoSync=false
txnWriteNoSync=false
{je.rep.envUnknownStateTimeout=10 s, je.rep.vlsn.logCacheSize=128, je.rep.nodeName=rg1-rn1, je.rep.nodeHostPort=AGavrilov-nb2:5006, je.tree.maxDelta=10, je.maxMemory=0, je.env.isTransactional=true, je.log.faultReadSize=4096, je.rep.vlsn.distance=1000000, je.env.runEvictor=true, je.rep.nodeType=ELECTABLE, je.cleaner.minUtilization=40, je.rep.replicaAckTimeout=5 s, je.rep.helperHosts=AGavrilov-nb2:5006, je.cleaner.threads=2, je.evictor.lruOnly=false, je.rep.replayMaxOpenDbHandles=100, je.log.writeQueueSize=2097152, je.evictor.criticalPercentage=105, je.log.iteratorReadSize=1048576, je.log.numBuffers=16, je.nodeMaxEntries=128, je.evictor.nodesPerScan=200, je.rep.groupName=rg1, je.rep.preHeartbeatTimeoutMs=5000000000, je.rep.consistencyPolicy=NoConsistencyRequiredPolicy, je.checkpointer.bytesInterval=200000000, je.cleaner.lazyMigration=false, je.txn.durability=WRITE_NO_SYNC,WRITE_NO_SYNC,SIMPLE_MAJORITY, je.cleaner.readSize=1048576, je.rep.preserveRecordVersion=true, je.rep.txnRollbackLimit=10, je.log.fileCacheSize=2000, je.log.fileMax=1073741824}

2013-04-10 13:24:00.373 UTC INFO [rg1-rn1] State change event: Wed Apr 10 17:24:00 MSK 2013, State: MASTER, Master: rg1-rn1
2013-04-10 13:24:00.374 UTC INFO [rg1-rn1] Master balance state tracker queue added:MASTER
2013-04-10 13:24:00.374 UTC INFO [rg1-rn1] Migration manager change state to MASTER.
2013-04-10 13:24:00.374 UTC INFO [rg1-rn1] Replicated environment handle established. Cache size: 155713536, State: MASTER
2013-04-10 13:24:00.377 UTC INFO [rg1-rn1] Migration service accepting requests.
2013-04-10 13:24:00.537 UTC INFO [admin1] [rg1-rn1] Service status: STARTING 2013-04-10 13:24:00 UTC
2013-04-10 13:24:00.576 UTC INFO [sn1] noteState called
2013-04-10 13:24:00.577 UTC INFO [sn1] added:State RN:rg1-rn1 state: MASTER top seq num: 14
2013-04-10 13:24:00.579 UTC INFO [sn1] Thread returning for service rg1-rn1
2013-04-10 13:24:00.657 UTC INFO [sn1] Topology acquired from RN: rg1-rn1 Topo seq#: 14
2013-04-10 13:24:00.657 UTC INFO [sn1] sn: sn1 state transition: State RN:rg1-rn1 state: MASTER top seq num: 14 active masters:[rg1-rn1] active replicas:0 replica leases:0
2013-04-10 13:24:01.955 UTC INFO [sn1] Thread returning for service admin1
2013-04-10 13:24:00.529 UTC INFO [rg1-rn1] Topology updated from seq#: 0 to 14
2013-04-10 13:24:00.538 UTC INFO [rg1-rn1] Establishing partition database handles, topology seq#: 14
2013-04-10 13:24:00.543 UTC INFO [rg1-rn1] Established 10 partition database handles
2013-04-10 13:24:00.569 UTC INFO [rg1-rn1] Topology stored seq#: 14
2013-04-10 13:24:00.569 UTC INFO [rg1-rn1] Topology fetched sequence#: 14
2013-04-10 13:24:00.575 UTC INFO [rg1-rn1] MasterBalanceStateTracker thread start rn: rg1-rn1
2013-04-10 13:24:00.578 UTC INFO [rg1-rn1] Service status changed from STARTING to RUNNING
2013-04-10 13:24:20.559 UTC INFO [admin1] [rg1-rn1] Service status: RUNNING 2013-04-10 13:24:00 UTC
2013-04-10 13:24:00.579 UTC INFO [rg1-rn1] Started RepNodeService
