2013-04-11 06:40:41.956 UTC INFO [rg1-rn1] RepNodeStateUpdateThread started
2013-04-11 06:40:41.965 UTC INFO [rg1-rn1] JVM Runtime maxMemory (bytes): 259522560
2013-04-11 06:40:41.965 UTC INFO [rg1-rn1] Non-default JE properties for environment: {je.rep.vlsn.logCacheSize=128, je.rep.envUnknownStateTimeout=10 s, je.tree.maxDelta=10, je.log.faultReadSize=4096, je.rep.vlsn.distance=1000000, je.env.runEvictor=true, je.cleaner.minUtilization=40, je.rep.replicaAckTimeout=5 s, je.cleaner.threads=2, je.evictor.lruOnly=false, je.rep.replayMaxOpenDbHandles=100, je.log.writeQueueSize=2097152, je.evictor.criticalPercentage=105, je.log.iteratorReadSize=1048576, je.log.numBuffers=16, je.nodeMaxEntries=128, je.evictor.nodesPerScan=200, je.rep.preHeartbeatTimeoutMs=5000000000, je.rep.consistencyPolicy=NoConsistencyRequiredPolicy, je.checkpointer.bytesInterval=200000000, je.cleaner.lazyMigration=false, je.txn.durability=write_no_sync,write_no_sync,simple_majority, je.cleaner.readSize=1048576, je.rep.txnRollbackLimit=10, je.log.fileCacheSize=2000, je.log.fileMax=1073741824}
2013-04-11 06:40:41.966 UTC INFO [rg1-rn1] Created new environment dir: .\kvroot\kvstore\sn1\rg1-rn1\env
2013-04-11 06:40:41.968 UTC INFO [rg1-rn1] Partition database cache mode: EVICT_LN
2013-04-11 06:40:41.982 UTC INFO [rg1-rn1] Starting RepNodeService
2013-04-11 06:40:41.982 UTC INFO [rg1-rn1] Starting RN MonitorAgent.  Server socket factory:<ServerSocketFactory name=monitor backlog=0 port range=0,0> Client socket connect factory: <ClientSocketFactory name=kvstore|rn|monitor id=1225420639 connectMs=10000 readMs=10000>
2013-04-11 06:40:42.029 UTC INFO [rg1-rn1] Starting MonitorAgent
2013-04-11 06:40:42.043 UTC INFO [rg1-rn1] RepNodeAdmin registered
2013-04-11 06:40:42.092 UTC INFO [rg1-rn1] JE recovery: POPULATE_UTILIZATION_PROFILE
2013-04-11 06:40:42.093 UTC INFO [rg1-rn1] JE recovery: REMOVE_TEMP_DBS
2013-04-11 06:40:42.094 UTC INFO [rg1-rn1] JE recovery: CKPT
2013-04-11 06:40:42.135 UTC INFO [rg1-rn1] JE recovery: RECOVERY_FINISHED
2013-04-11 06:40:42.139 UTC INFO [rg1-rn1] JE: Started ServiceDispatcher. HostPort=AGavrilov-nb2:5006
2013-04-11 06:40:42.142 UTC INFO [rg1-rn1] JE: Current group size: 0
2013-04-11 06:40:42.142 UTC INFO [rg1-rn1] JE: New node rg1-rn1(-1) unknown to rep group
2013-04-11 06:40:42.143 UTC INFO [rg1-rn1] JE: Master changed to rg1-rn1
2013-04-11 06:40:42.143 UTC INFO [rg1-rn1] JE: Nascent group. rg1-rn1 is master by virtue of being the first node.
2013-04-11 06:40:42.710 UTC INFO [rg1-rn1] JE: Successfully added node:rg1-rn1(1) HostPort = AGavrilov-nb2: 5006 [ELECTABLE]
2013-04-11 06:40:42.711 UTC INFO [rg1-rn1] JE: Refreshed 0 monitors.
2013-04-11 06:40:42.713 UTC INFO [rg1-rn1] JE recovery: BECOME_CONSISTENT
2013-04-11 06:40:42.713 UTC INFO [rg1-rn1] JE: Node rg1-rn1 started
2013-04-11 06:40:42.714 UTC INFO [rg1-rn1] JE: Feeder manager accepting requests.
2013-04-11 06:40:42.714 UTC INFO [rg1-rn1] JE: Joining group as master
2013-04-11 06:40:42.715 UTC INFO [rg1-rn1] JE: Refreshed 0 monitors.
2013-04-11 06:40:42.716 UTC INFO [rg1-rn1] Opened JE environment. JVM max heap: 259 522 560. JE properties: allowCreate=true
cacheSize=155713536
txnNoSync=false
txnWriteNoSync=false
{je.rep.envUnknownStateTimeout=10 s, je.rep.vlsn.logCacheSize=128, je.rep.nodeName=rg1-rn1, je.rep.nodeHostPort=AGavrilov-nb2:5006, je.tree.maxDelta=10, je.maxMemory=0, je.env.isTransactional=true, je.log.faultReadSize=4096, je.rep.vlsn.distance=1000000, je.env.runEvictor=true, je.rep.nodeType=ELECTABLE, je.cleaner.minUtilization=40, je.rep.replicaAckTimeout=5 s, je.rep.helperHosts=AGavrilov-nb2:5006, je.cleaner.threads=2, je.evictor.lruOnly=false, je.rep.replayMaxOpenDbHandles=100, je.log.writeQueueSize=2097152, je.evictor.criticalPercentage=105, je.log.iteratorReadSize=1048576, je.log.numBuffers=16, je.nodeMaxEntries=128, je.evictor.nodesPerScan=200, je.rep.groupName=rg1, je.rep.preHeartbeatTimeoutMs=5000000000, je.rep.consistencyPolicy=NoConsistencyRequiredPolicy, je.checkpointer.bytesInterval=200000000, je.cleaner.lazyMigration=false, je.txn.durability=WRITE_NO_SYNC,WRITE_NO_SYNC,SIMPLE_MAJORITY, je.cleaner.readSize=1048576, je.rep.preserveRecordVersion=true, je.rep.txnRollbackLimit=10, je.log.fileCacheSize=2000, je.log.fileMax=1073741824}

2013-04-11 06:40:42.776 UTC INFO [rg1-rn1] Local Environment version updated to: 11gR2.2.0.26 2013-01-28 12:19:21 UTC  Build id: 99ef986805a3 Previous version:  none
2013-04-11 06:40:42.778 UTC INFO [rg1-rn1] State change event: Thu Apr 11 10:40:42 MSK 2013, State: MASTER, Master: rg1-rn1
2013-04-11 06:40:42.780 UTC INFO [rg1-rn1] Master balance state tracker queue added:MASTER
2013-04-11 06:40:42.780 UTC INFO [rg1-rn1] Migration manager change state to MASTER.
2013-04-11 06:40:42.780 UTC INFO [rg1-rn1] Replicated environment handle established. Cache size: 155713536, State: MASTER
2013-04-11 06:40:42.781 UTC INFO [rg1-rn1] Environment does not contain topology store.
2013-04-11 06:40:42.781 UTC INFO [rg1-rn1] Topology needs to be pushed to this node.
2013-04-11 06:40:42.790 UTC INFO [rg1-rn1] Migration service accepting requests.
2013-04-11 06:40:42.798 UTC INFO [rg1-rn1] Service status changed from STARTING to RUNNING
2013-04-11 06:40:42.798 UTC INFO [rg1-rn1] Started RepNodeService
2013-04-11 06:40:42.908 UTC INFO [rg1-rn1] Topology updated from seq#: 0 to 4
2013-04-11 06:40:42.912 UTC INFO [rg1-rn1] Establishing partition database handles, topology seq#: 4
2013-04-11 06:40:42.913 UTC INFO [rg1-rn1] Established 0 partition database handles
2013-04-11 06:40:42.988 UTC INFO [rg1-rn1] Topology stored seq#: 4
2013-04-11 06:40:43.067 UTC INFO [rg1-rn1] newParameters are identical to old parameters
2013-04-11 06:40:43.181 UTC INFO [rg1-rn1] Topology incrementally updated from seq#: 4 to 14
2013-04-11 06:40:43.181 UTC INFO [rg1-rn1] Establishing partition database handles, topology seq#: 14
2013-04-11 06:40:43.188 UTC INFO [rg1-rn1] Established 10 partition database handles
2013-04-11 06:40:43.243 UTC INFO [rg1-rn1] Topology stored seq#: 14
2013-04-11 06:40:43.795 UTC INFO [rg1-rn1] MasterBalanceStateTracker thread start rn: rg1-rn1
2013-04-11 06:41:36.849 UTC INFO [rg1-rn1] RepNodeStateUpdateThread started
2013-04-11 06:41:36.882 UTC INFO [rg1-rn1] JVM Runtime maxMemory (bytes): 259522560
2013-04-11 06:41:36.883 UTC INFO [rg1-rn1] Non-default JE properties for environment: {je.rep.vlsn.logCacheSize=128, je.rep.envUnknownStateTimeout=10 s, je.tree.maxDelta=10, je.log.faultReadSize=4096, je.rep.vlsn.distance=1000000, je.env.runEvictor=true, je.cleaner.minUtilization=40, je.rep.replicaAckTimeout=5 s, je.cleaner.threads=2, je.evictor.lruOnly=false, je.rep.replayMaxOpenDbHandles=100, je.log.writeQueueSize=2097152, je.evictor.criticalPercentage=105, je.log.iteratorReadSize=1048576, je.log.numBuffers=16, je.nodeMaxEntries=128, je.evictor.nodesPerScan=200, je.rep.preHeartbeatTimeoutMs=5000000000, je.rep.consistencyPolicy=NoConsistencyRequiredPolicy, je.checkpointer.bytesInterval=200000000, je.cleaner.lazyMigration=false, je.txn.durability=write_no_sync,write_no_sync,simple_majority, je.cleaner.readSize=1048576, je.rep.txnRollbackLimit=10, je.log.fileCacheSize=2000, je.log.fileMax=1073741824}
2013-04-11 06:41:36.903 UTC INFO [rg1-rn1] Partition database cache mode: EVICT_LN
2013-04-11 06:41:36.919 UTC INFO [rg1-rn1] Starting RepNodeService
2013-04-11 06:41:36.919 UTC INFO [rg1-rn1] Starting RN MonitorAgent.  Server socket factory:<ServerSocketFactory name=monitor backlog=0 port range=0,0> Client socket connect factory: <ClientSocketFactory name=kvstore|rn|monitor id=1225420639 connectMs=10000 readMs=10000>
2013-04-11 06:41:36.928 UTC INFO [rg1-rn1] Starting MonitorAgent
2013-04-11 06:41:36.943 UTC INFO [rg1-rn1] RepNodeAdmin registered
2013-04-11 06:41:37.078 UTC INFO [rg1-rn1] JE recovery: FIND_END_OF_LOG
2013-04-11 06:41:37.111 UTC INFO [rg1-rn1] JE recovery: FIND_LAST_CKPT
2013-04-11 06:41:37.117 UTC INFO [rg1-rn1] JE recovery: READ_DBMAP_INFO
2013-04-11 06:41:37.150 UTC INFO [rg1-rn1] JE recovery: UNDO_DBMAP_RECORDS
2013-04-11 06:41:37.153 UTC INFO [rg1-rn1] JE recovery: REDO_DBMAP_RECORDS
2013-04-11 06:41:37.160 UTC INFO [rg1-rn1] JE recovery: READ_DATA_INFO
2013-04-11 06:41:37.170 UTC INFO [rg1-rn1] JE recovery: UNDO_DATA_RECORDS
2013-04-11 06:41:37.175 UTC INFO [rg1-rn1] JE recovery: REDO_DATA_RECORDS
2013-04-11 06:41:37.181 UTC INFO [rg1-rn1] JE recovery: POPULATE_UTILIZATION_PROFILE
2013-04-11 06:41:37.186 UTC INFO [rg1-rn1] JE recovery: REMOVE_TEMP_DBS
2013-04-11 06:41:37.292 UTC INFO [rg1-rn1] JE recovery: CKPT
2013-04-11 06:41:37.390 UTC INFO [rg1-rn1] JE recovery: RECOVERY_FINISHED
2013-04-11 06:41:37.418 UTC INFO [rg1-rn1] JE: Started ServiceDispatcher. HostPort=AGavrilov-nb2:5006
2013-04-11 06:41:37.418 UTC INFO [rg1-rn1] JE: Started ServiceDispatcher. HostPort=AGavrilov-nb2:5006
2013-04-11 06:41:37.463 UTC INFO [rg1-rn1] JE: Current group size: 1
2013-04-11 06:41:37.463 UTC INFO [rg1-rn1] JE: Current group size: 1
2013-04-11 06:41:37.464 UTC INFO [rg1-rn1] JE: Existing node rg1-rn1 querying for a current master.
2013-04-11 06:41:37.464 UTC INFO [rg1-rn1] JE: Existing node rg1-rn1 querying for a current master.
2013-04-11 06:41:37.486 UTC INFO [rg1-rn1] JE recovery: BECOME_CONSISTENT
2013-04-11 06:41:37.486 UTC INFO [rg1-rn1] JE: Node rg1-rn1 started
2013-04-11 06:41:37.487 UTC INFO [rg1-rn1] JE: Node rg1-rn1 started
2013-04-11 06:41:37.487 UTC INFO [rg1-rn1] JE: Election initiated; election #1
2013-04-11 06:41:37.487 UTC INFO [rg1-rn1] JE: Election initiated; election #1
2013-04-11 06:41:37.489 UTC INFO [rg1-rn1] JE: Started election thread Thu Apr 11 10:41:37 MSK 2013
2013-04-11 06:41:37.489 UTC INFO [rg1-rn1] JE: Started election thread Thu Apr 11 10:41:37 MSK 2013
2013-04-11 06:41:39.587 UTC INFO [rg1-rn1] JE: Winning proposal: Proposal(0000013df7d402a2:000000000000000000000000ac1100b0:00000001) Value: Value:172.17.0.176$$$5006$$$rg1-rn1$$$1
2013-04-11 06:41:39.587 UTC INFO [rg1-rn1] JE: Winning proposal: Proposal(0000013df7d402a2:000000000000000000000000ac1100b0:00000001) Value: Value:172.17.0.176$$$5006$$$rg1-rn1$$$1
2013-04-11 06:41:39.590 UTC INFO [rg1-rn1] JE: Master changed to rg1-rn1
2013-04-11 06:41:39.590 UTC INFO [rg1-rn1] JE: Master changed to rg1-rn1
2013-04-11 06:41:39.590 UTC INFO [rg1-rn1] JE: Election finished. Elapsed time: 2103ms
2013-04-11 06:41:39.590 UTC INFO [rg1-rn1] JE: Election finished. Elapsed time: 2103ms
2013-04-11 06:41:39.591 UTC INFO [rg1-rn1] JE: Feeder manager accepting requests.
2013-04-11 06:41:39.591 UTC INFO [rg1-rn1] JE: Feeder manager accepting requests.
2013-04-11 06:41:39.591 UTC INFO [rg1-rn1] JE: Election thread exited. Group master: rg1-rn1(1)
2013-04-11 06:41:39.591 UTC INFO [rg1-rn1] JE: Election thread exited. Group master: rg1-rn1(1)
2013-04-11 06:41:39.592 UTC INFO [rg1-rn1] JE: Joining group as master
2013-04-11 06:41:39.592 UTC INFO [rg1-rn1] JE: Joining group as master
2013-04-11 06:41:39.593 UTC INFO [rg1-rn1] JE: Refreshed 0 monitors.
2013-04-11 06:41:39.593 UTC INFO [rg1-rn1] JE: Refreshed 0 monitors.
2013-04-11 06:41:39.594 UTC INFO [rg1-rn1] Opened JE environment. JVM max heap: 259 522 560. JE properties: allowCreate=true
cacheSize=155713536
txnNoSync=false
txnWriteNoSync=false
{je.rep.envUnknownStateTimeout=10 s, je.rep.vlsn.logCacheSize=128, je.rep.nodeName=rg1-rn1, je.rep.nodeHostPort=AGavrilov-nb2:5006, je.tree.maxDelta=10, je.maxMemory=0, je.env.isTransactional=true, je.log.faultReadSize=4096, je.rep.vlsn.distance=1000000, je.env.runEvictor=true, je.rep.nodeType=ELECTABLE, je.cleaner.minUtilization=40, je.rep.replicaAckTimeout=5 s, je.rep.helperHosts=AGavrilov-nb2:5006, je.cleaner.threads=2, je.evictor.lruOnly=false, je.rep.replayMaxOpenDbHandles=100, je.log.writeQueueSize=2097152, je.evictor.criticalPercentage=105, je.log.iteratorReadSize=1048576, je.log.numBuffers=16, je.nodeMaxEntries=128, je.evictor.nodesPerScan=200, je.rep.groupName=rg1, je.rep.preHeartbeatTimeoutMs=5000000000, je.rep.consistencyPolicy=NoConsistencyRequiredPolicy, je.checkpointer.bytesInterval=200000000, je.cleaner.lazyMigration=false, je.txn.durability=WRITE_NO_SYNC,WRITE_NO_SYNC,SIMPLE_MAJORITY, je.cleaner.readSize=1048576, je.rep.preserveRecordVersion=true, je.rep.txnRollbackLimit=10, je.log.fileCacheSize=2000, je.log.fileMax=1073741824}

2013-04-11 06:41:39.601 UTC INFO [rg1-rn1] State change event: Thu Apr 11 10:41:39 MSK 2013, State: MASTER, Master: rg1-rn1
2013-04-11 06:41:39.601 UTC INFO [rg1-rn1] Master balance state tracker queue added:MASTER
2013-04-11 06:41:39.601 UTC INFO [rg1-rn1] Migration manager change state to MASTER.
2013-04-11 06:41:39.601 UTC INFO [rg1-rn1] Replicated environment handle established. Cache size: 155713536, State: MASTER
2013-04-11 06:41:39.604 UTC INFO [rg1-rn1] Migration service accepting requests.
2013-04-11 06:41:39.771 UTC INFO [rg1-rn1] Topology updated from seq#: 0 to 14
2013-04-11 06:41:39.774 UTC INFO [rg1-rn1] Establishing partition database handles, topology seq#: 14
2013-04-11 06:41:39.780 UTC INFO [rg1-rn1] Established 10 partition database handles
2013-04-11 06:41:39.815 UTC INFO [rg1-rn1] Topology stored seq#: 14
2013-04-11 06:41:39.815 UTC INFO [rg1-rn1] Topology fetched sequence#: 14
2013-04-11 06:41:39.820 UTC INFO [rg1-rn1] MasterBalanceStateTracker thread start rn: rg1-rn1
2013-04-11 06:41:39.822 UTC INFO [rg1-rn1] Service status changed from STARTING to RUNNING
2013-04-11 06:41:39.822 UTC INFO [rg1-rn1] Started RepNodeService
